{"numTotalTestSuites":280,"numPassedTestSuites":280,"numFailedTestSuites":0,"numPendingTestSuites":0,"numTotalTests":718,"numPassedTests":717,"numFailedTests":1,"numPendingTests":0,"numTodoTests":0,"startTime":1787043413991,"success":false,"testResults":[{"assertionResults":[{"ancestorTitles":["","preload invokeIpc 统一超时降级包装"],"fullName":" preload invokeIpc 统一超时降级包装 正常路径：invoke resolve 后原样透传结果","status":"passed","title":"正常路径：invoke resolve 后原样透传结果","duration":11,"failureMessages":[]},{"ancestorTitles":["","preload invokeIpc 统一超时降级包装"],"fullName":" preload invokeIpc 统一超时降级包装 参数按顺序透传给 invoke","status":"passed","title":"参数按顺序透传给 invoke","duration":3,"failureMessages":[]},{"ancestorTitles":["","preload invokeIpc 统一超时降级包装"],"fullName":" preload invokeIpc 统一超时降级包装 异常路径：invoke reject 原样透传，不吞错","status":"passed","title":"异常路径：invoke reject 原样透传，不吞错","duration":4,"failureMessages":[]},{"ancestorTitles":["","preload invokeIpc 统一超时降级包装"],"fullName":" preload invokeIpc 统一超时降级包装 超时路径：invoke 挂起超过 3000ms 后 reject 且标记 isTimeout","status":"passed","title":"超时路径：invoke 挂起超过 3000ms 后 reject 且标记 isTimeout","duration":6,"failureMessages":[]},{"ancestorTitles":["","preload invokeIpc 统一超时降级包装"],"fullName":" preload invokeIpc 统一超时降级包装 按通道超时：sync-now 使用专属超时，不被默认 3000ms 误杀","status":"passed","title":"按通道超时：sync-now 使用专属超时，不被默认 3000ms 误杀","duration":1,"failureMessages":[]},{"ancestorTitles":["","preload invokeIpc 统一超时降级包装"],"fullName":" preload invokeIpc 统一超时降级包装 按通道超时：文件读写通道 set-file-watch-paths 使用专属超时，不被默认 3000ms 误杀","status":"passed","title":"按通道超时：文件读写通道 set-file-watch-paths 使用专属超时，不被默认 3000ms 误杀","duration":2,"failureMessages":[]},{"ancestorTitles":["","preload invokeIpc 统一超时降级包装"],"fullName":" preload invokeIpc 统一超时降级包装 迟到的结果：超时后才返回的结果被丢弃，不二次 settle","status":"passed","title":"迟到的结果：超时后才返回的结果被丢弃，不二次 settle","duration":65,"failureMessages":[]}],"startTime":1787043976016,"endTime":1787043976108,"status":"passed","message":"","name":"C:/MsSafeData/Desktop/yijiandaodi/desktop-client-2.0/electron/preload.test.ts"},{"assertionResults":[{"ancestorTitles":["","SecurityKnowledgeBase","初始化测试"],"fullName":" SecurityKnowledgeBase 初始化测试 应该成功初始化知识库","status":"passed","title":"应该成功初始化知识库","duration":13,"failureMessages":[]},{"ancestorTitles":["","SecurityKnowledgeBase","初始化测试"],"fullName":" SecurityKnowledgeBase 初始化测试 应该加载API Key模式","status":"passed","title":"应该加载API Key模式","duration":5,"failureMessages":[]},{"ancestorTitles":["","SecurityKnowledgeBase","初始化测试"],"fullName":" SecurityKnowledgeBase 初始化测试 应该加载敏感关键词","status":"passed","title":"应该加载敏感关键词","duration":34,"failureMessages":[]},{"ancestorTitles":["","SecurityKnowledgeBase","初始化测试"],"fullName":" SecurityKnowledgeBase 初始化测试 应该包含SQL注入关键词","status":"passed","title":"应该包含SQL注入关键词","duration":1,"failureMessages":[]},{"ancestorTitles":["","SecurityKnowledgeBase","SQL注入检测测试"],"fullName":" SecurityKnowledgeBase SQL注入检测测试 应该检测到基本SQL注入攻击","status":"passed","title":"应该检测到基本SQL注入攻击","duration":2,"failureMessages":[]},{"ancestorTitles":["","SecurityKnowledgeBase","SQL注入检测测试"],"fullName":" SecurityKnowledgeBase SQL注入检测测试 应该检测到UNION注入","status":"passed","title":"应该检测到UNION注入","duration":1,"failureMessages":[]},{"ancestorTitles":["","SecurityKnowledgeBase","SQL注入检测测试"],"fullName":" SecurityKnowledgeBase SQL注入检测测试 应该检测到OR注入","status":"passed","title":"应该检测到OR注入","duration":2,"failureMessages":[]},{"ancestorTitles":["","SecurityKnowledgeBase","SQL注入检测测试"],"fullName":" SecurityKnowledgeBase SQL注入检测测试 应该检测到注释注入","status":"passed","title":"应该检测到注释注入","duration":3,"failureMessages":[]},{"ancestorTitles":["","SecurityKnowledgeBase","SQL注入检测测试"],"fullName":" SecurityKnowledgeBase SQL注入检测测试 应该检测到DROP TABLE攻击","status":"passed","title":"应该检测到DROP TABLE攻击","duration":2,"failureMessages":[]},{"ancestorTitles":["","SecurityKnowledgeBase","SQL注入检测测试"],"fullName":" SecurityKnowledgeBase SQL注入检测测试 应该检测到堆叠查询","status":"passed","title":"应该检测到堆叠查询","duration":2,"failureMessages":[]},{"ancestorTitles":["","SecurityKnowledgeBase","SQL注入检测测试"],"fullName":" SecurityKnowledgeBase SQL注入检测测试 应该不误报普通SELECT文本","status":"passed","title":"应该不误报普通SELECT文本","duration":2,"failureMessages":[]},{"ancestorTitles":["","SecurityKnowledgeBase","SQL注入检测测试"],"fullName":" SecurityKnowledgeBase SQL注入检测测试 应该检测到大小写混合的SQL注入","status":"passed","title":"应该检测到大小写混合的SQL注入","duration":1,"failureMessages":[]},{"ancestorTitles":["","SecurityKnowledgeBase","SQL注入检测测试"],"fullName":" SecurityKnowledgeBase SQL注入检测测试 应该检测到编码绕过尝试","status":"passed","title":"应该检测到编码绕过尝试","duration":2,"failureMessages":[]},{"ancestorTitles":["","SecurityKnowledgeBase","XSS攻击检测测试"],"fullName":" SecurityKnowledgeBase XSS攻击检测测试 应该检测到onerror事件","status":"passed","title":"应该检测到onerror事件","duration":2,"failureMessages":[]},{"ancestorTitles":["","SecurityKnowledgeBase","XSS攻击检测测试"],"fullName":" SecurityKnowledgeBase XSS攻击检测测试 应该检测到onload事件","status":"passed","title":"应该检测到onload事件","duration":1,"failureMessages":[]},{"ancestorTitles":["","SecurityKnowledgeBase","XSS攻击检测测试"],"fullName":" SecurityKnowledgeBase XSS攻击检测测试 应该检测到onclick事件","status":"passed","title":"应该检测到onclick事件","duration":1,"failureMessages":[]},{"ancestorTitles":["","SecurityKnowledgeBase","XSS攻击检测测试"],"fullName":" SecurityKnowledgeBase XSS攻击检测测试 应该检测到onmouseover事件","status":"passed","title":"应该检测到onmouseover事件","duration":1,"failureMessages":[]},{"ancestorTitles":["","SecurityKnowledgeBase","XSS攻击检测测试"],"fullName":" SecurityKnowledgeBase XSS攻击检测测试 应该检测到script标签","status":"passed","title":"应该检测到script标签","duration":4,"failureMessages":[]},{"ancestorTitles":["","SecurityKnowledgeBase","XSS攻击检测测试"],"fullName":" SecurityKnowledgeBase XSS攻击检测测试 应该检测到SVG XSS","status":"passed","title":"应该检测到SVG XSS","duration":1,"failureMessages":[]},{"ancestorTitles":["","SecurityKnowledgeBase","XSS攻击检测测试"],"fullName":" SecurityKnowledgeBase XSS攻击检测测试 应该不误报普通HTML文本","status":"passed","title":"应该不误报普通HTML文本","duration":9,"failureMessages":[]},{"ancestorTitles":["","SecurityKnowledgeBase","XSS攻击检测测试"],"fullName":" SecurityKnowledgeBase XSS攻击检测测试 应该检测到大小写混合的XSS","status":"passed","title":"应该检测到大小写混合的XSS","duration":3,"failureMessages":[]},{"ancestorTitles":["","SecurityKnowledgeBase","API Key识别测试"],"fullName":" SecurityKnowledgeBase API Key识别测试 应该检测到OpenAI API Key","status":"passed","title":"应该检测到OpenAI API Key","duration":1,"failureMessages":[]},{"ancestorTitles":["","SecurityKnowledgeBase","API Key识别测试"],"fullName":" SecurityKnowledgeBase API Key识别测试 应该检测到OpenAI Project Key","status":"passed","title":"应该检测到OpenAI Project Key","duration":0,"failureMessages":[]},{"ancestorTitles":["","SecurityKnowledgeBase","API Key识别测试"],"fullName":" SecurityKnowledgeBase API Key识别测试 应该检测到Google API Key","status":"passed","title":"应该检测到Google API Key","duration":1,"failureMessages":[]},{"ancestorTitles":["","SecurityKnowledgeBase","API Key识别测试"],"fullName":" SecurityKnowledgeBase API Key识别测试 应该检测到GitHub Personal Access Token","status":"passed","title":"应该检测到GitHub Personal Access Token","duration":1,"failureMessages":[]},{"ancestorTitles":["","SecurityKnowledgeBase","API Key识别测试"],"fullName":" SecurityKnowledgeBase API Key识别测试 应该检测到GitHub OAuth Token","status":"passed","title":"应该检测到GitHub OAuth Token","duration":1,"failureMessages":[]},{"ancestorTitles":["","SecurityKnowledgeBase","API Key识别测试"],"fullName":" SecurityKnowledgeBase API Key识别测试 应该检测到GitHub Fine-grained Token","status":"passed","title":"应该检测到GitHub Fine-grained Token","duration":1,"failureMessages":[]},{"ancestorTitles":["","SecurityKnowledgeBase","API Key识别测试"],"fullName":" SecurityKnowledgeBase API Key识别测试 应该检测到GitLab Personal Access Token","status":"passed","title":"应该检测到GitLab Personal Access Token","duration":1,"failureMessages":[]},{"ancestorTitles":["","SecurityKnowledgeBase","API Key识别测试"],"fullName":" SecurityKnowledgeBase API Key识别测试 应该检测到AWS Access Key ID","status":"passed","title":"应该检测到AWS Access Key ID","duration":3,"failureMessages":[]},{"ancestorTitles":["","SecurityKnowledgeBase","API Key识别测试"],"fullName":" SecurityKnowledgeBase API Key识别测试 应该检测到AWS Session Token","status":"passed","title":"应该检测到AWS Session Token","duration":36,"failureMessages":[]},{"ancestorTitles":["","SecurityKnowledgeBase","API Key识别测试"],"fullName":" SecurityKnowledgeBase API Key识别测试 应该检测到JWT Token","status":"passed","title":"应该检测到JWT Token","duration":2,"failureMessages":[]},{"ancestorTitles":["","SecurityKnowledgeBase","API Key识别测试"],"fullName":" SecurityKnowledgeBase API Key识别测试 应该不误报普通sk前缀","status":"passed","title":"应该不误报普通sk前缀","duration":0,"failureMessages":[]},{"ancestorTitles":["","SecurityKnowledgeBase","敏感信息检测测试"],"fullName":" SecurityKnowledgeBase 敏感信息检测测试 应该检测到password关键词","status":"passed","title":"应该检测到password关键词","duration":1,"failureMessages":[]},{"ancestorTitles":["","SecurityKnowledgeBase","敏感信息检测测试"],"fullName":" SecurityKnowledgeBase 敏感信息检测测试 应该检测到api_key关键词","status":"passed","title":"应该检测到api_key关键词","duration":3,"failureMessages":[]},{"ancestorTitles":["","SecurityKnowledgeBase","敏感信息检测测试"],"fullName":" SecurityKnowledgeBase 敏感信息检测测试 应该检测到secret关键词","status":"passed","title":"应该检测到secret关键词","duration":2,"failureMessages":[]},{"ancestorTitles":["","SecurityKnowledgeBase","敏感信息检测测试"],"fullName":" SecurityKnowledgeBase 敏感信息检测测试 应该检测到token关键词","status":"passed","title":"应该检测到token关键词","duration":1,"failureMessages":[]},{"ancestorTitles":["","SecurityKnowledgeBase","敏感信息检测测试"],"fullName":" SecurityKnowledgeBase 敏感信息检测测试 应该检测到数据库连接信息","status":"passed","title":"应该检测到数据库连接信息","duration":2,"failureMessages":[]},{"ancestorTitles":["","SecurityKnowledgeBase","敏感信息检测测试"],"fullName":" SecurityKnowledgeBase 敏感信息检测测试 应该检测到AWS密钥配置","status":"passed","title":"应该检测到AWS密钥配置","duration":4,"failureMessages":[]},{"ancestorTitles":["","SecurityKnowledgeBase","敏感信息检测测试"],"fullName":" SecurityKnowledgeBase 敏感信息检测测试 应该检测到private_key关键词","status":"passed","title":"应该检测到private_key关键词","duration":4,"failureMessages":[]},{"ancestorTitles":["","SecurityKnowledgeBase","敏感信息检测测试"],"fullName":" SecurityKnowledgeBase 敏感信息检测测试 应该不误报普通文本","status":"passed","title":"应该不误报普通文本","duration":2,"failureMessages":[]},{"ancestorTitles":["","SecurityKnowledgeBase","敏感信息检测测试"],"fullName":" SecurityKnowledgeBase 敏感信息检测测试 应该不误报代码注释","status":"passed","title":"应该不误报代码注释","duration":0,"failureMessages":[]},{"ancestorTitles":["","SecurityKnowledgeBase","常见密码识别测试"],"fullName":" SecurityKnowledgeBase 常见密码识别测试 应该检测到admin123密码","status":"passed","title":"应该检测到admin123密码","duration":2,"failureMessages":[]},{"ancestorTitles":["","SecurityKnowledgeBase","常见密码识别测试"],"fullName":" SecurityKnowledgeBase 常见密码识别测试 应该检测到password密码","status":"passed","title":"应该检测到password密码","duration":1,"failureMessages":[]},{"ancestorTitles":["","SecurityKnowledgeBase","常见密码识别测试"],"fullName":" SecurityKnowledgeBase 常见密码识别测试 应该检测到123456密码","status":"passed","title":"应该检测到123456密码","duration":2,"failureMessages":[]},{"ancestorTitles":["","SecurityKnowledgeBase","常见密码识别测试"],"fullName":" SecurityKnowledgeBase 常见密码识别测试 应该检测到qwerty密码","status":"passed","title":"应该检测到qwerty密码","duration":2,"failureMessages":[]},{"ancestorTitles":["","SecurityKnowledgeBase","常见密码识别测试"],"fullName":" SecurityKnowledgeBase 常见密码识别测试 应该检测到letmein密码","status":"passed","title":"应该检测到letmein密码","duration":1,"failureMessages":[]},{"ancestorTitles":["","SecurityKnowledgeBase","常见密码识别测试"],"fullName":" SecurityKnowledgeBase 常见密码识别测试 应该不误报强密码","status":"passed","title":"应该不误报强密码","duration":1,"failureMessages":[]},{"ancestorTitles":["","SecurityKnowledgeBase","误报率测试"],"fullName":" SecurityKnowledgeBase 误报率测试 不应该误报普通SQL关键字在文档中","status":"passed","title":"不应该误报普通SQL关键字在文档中","duration":1,"failureMessages":[]},{"ancestorTitles":["","SecurityKnowledgeBase","误报率测试"],"fullName":" SecurityKnowledgeBase 误报率测试 不应该误报普通URL","status":"passed","title":"不应该误报普通URL","duration":0,"failureMessages":[]},{"ancestorTitles":["","SecurityKnowledgeBase","误报率测试"],"fullName":" SecurityKnowledgeBase 误报率测试 不应该误报JSON配置","status":"passed","title":"不应该误报JSON配置","duration":2,"failureMessages":[]},{"ancestorTitles":["","SecurityKnowledgeBase","误报率测试"],"fullName":" SecurityKnowledgeBase 误报率测试 不应该误报普通代码注释","status":"passed","title":"不应该误报普通代码注释","duration":2,"failureMessages":[]},{"ancestorTitles":["","SecurityKnowledgeBase","误报率测试"],"fullName":" SecurityKnowledgeBase 误报率测试 不应该误报普通HTML属性","status":"passed","title":"不应该误报普通HTML属性","duration":6,"failureMessages":[]},{"ancestorTitles":["","SecurityKnowledgeBase","误报率测试"],"fullName":" SecurityKnowledgeBase 误报率测试 不应该误报日志文件路径","status":"passed","title":"不应该误报日志文件路径","duration":1,"failureMessages":[]},{"ancestorTitles":["","SecurityKnowledgeBase","误报率测试"],"fullName":" SecurityKnowledgeBase 误报率测试 应该正确处理空文本","status":"passed","title":"应该正确处理空文本","duration":0,"failureMessages":[]},{"ancestorTitles":["","SecurityKnowledgeBase","误报率测试"],"fullName":" SecurityKnowledgeBase 误报率测试 应该正确处理空白字符","status":"passed","title":"应该正确处理空白字符","duration":1,"failureMessages":[]},{"ancestorTitles":["","SecurityKnowledgeBase","误报率测试"],"fullName":" SecurityKnowledgeBase 误报率测试 应该正确处理特殊字符","status":"passed","title":"应该正确处理特殊字符","duration":1,"failureMessages":[]},{"ancestorTitles":["","SecurityKnowledgeBase","风险等级测试"],"fullName":" SecurityKnowledgeBase 风险等级测试 SQL注入应该是高风险","status":"passed","title":"SQL注入应该是高风险","duration":0,"failureMessages":[]},{"ancestorTitles":["","SecurityKnowledgeBase","风险等级测试"],"fullName":" SecurityKnowledgeBase 风险等级测试 XSS应该是高风险","status":"passed","title":"XSS应该是高风险","duration":1,"failureMessages":[]},{"ancestorTitles":["","SecurityKnowledgeBase","风险等级测试"],"fullName":" SecurityKnowledgeBase 风险等级测试 API Key应该是高风险","status":"passed","title":"API Key应该是高风险","duration":1,"failureMessages":[]},{"ancestorTitles":["","SecurityKnowledgeBase","风险等级测试"],"fullName":" SecurityKnowledgeBase 风险等级测试 密码应该是中等风险","status":"passed","title":"密码应该是中等风险","duration":0,"failureMessages":[]},{"ancestorTitles":["","SecurityKnowledgeBase","风险等级测试"],"fullName":" SecurityKnowledgeBase 风险等级测试 敏感关键词应该是中等风险","status":"passed","title":"敏感关键词应该是中等风险","duration":1,"failureMessages":[]},{"ancestorTitles":["","SecurityKnowledgeBase","边界情况测试"],"fullName":" SecurityKnowledgeBase 边界情况测试 应该处理超长文本","status":"passed","title":"应该处理超长文本","duration":1,"failureMessages":[]},{"ancestorTitles":["","SecurityKnowledgeBase","边界情况测试"],"fullName":" SecurityKnowledgeBase 边界情况测试 应该处理Unicode字符","status":"passed","title":"应该处理Unicode字符","duration":14,"failureMessages":[]},{"ancestorTitles":["","SecurityKnowledgeBase","边界情况测试"],"fullName":" SecurityKnowledgeBase 边界情况测试 应该处理混合编码","status":"passed","title":"应该处理混合编码","duration":1,"failureMessages":[]},{"ancestorTitles":["","SecurityKnowledgeBase","边界情况测试"],"fullName":" SecurityKnowledgeBase 边界情况测试 应该处理多行文本","status":"passed","title":"应该处理多行文本","duration":1,"failureMessages":[]},{"ancestorTitles":["","SecurityKnowledgeBase","边界情况测试"],"fullName":" SecurityKnowledgeBase 边界情况测试 应该处理重复匹配","status":"passed","title":"应该处理重复匹配","duration":0,"failureMessages":[]},{"ancestorTitles":["","SecurityKnowledgeBase","边界情况测试"],"fullName":" SecurityKnowledgeBase 边界情况测试 应该处理嵌套模式","status":"passed","title":"应该处理嵌套模式","duration":6,"failureMessages":[]},{"ancestorTitles":["","SecurityKnowledgeBase","边界情况测试"],"fullName":" SecurityKnowledgeBase 边界情况测试 应该处理大小写不敏感匹配","status":"passed","title":"应该处理大小写不敏感匹配","duration":1,"failureMessages":[]},{"ancestorTitles":["","SecurityKnowledgeBase","边界情况测试"],"fullName":" SecurityKnowledgeBase 边界情况测试 应该处理部分匹配","status":"passed","title":"应该处理部分匹配","duration":1,"failureMessages":[]},{"ancestorTitles":["","SecurityKnowledgeBase","性能测试"],"fullName":" SecurityKnowledgeBase 性能测试 应该在合理时间内处理大文本","status":"passed","title":"应该在合理时间内处理大文本","duration":1,"failureMessages":[]},{"ancestorTitles":["","SecurityKnowledgeBase","性能测试"],"fullName":" SecurityKnowledgeBase 性能测试 应该快速返回空结果","status":"passed","title":"应该快速返回空结果","duration":0,"failureMessages":[]}],"startTime":1787043458728,"endTime":1787043458945,"status":"passed","message":"","name":"C:/MsSafeData/Desktop/yijiandaodi/desktop-client-2.0/electron/securityKnowledgeBase.test.ts"},{"assertionResults":[{"ancestorTitles":["","App 首次启动引导跳转链路"],"fullName":" App 首次启动引导跳转链路 新用户首次安装：登录后进入 SetupWizard，完成后直接跳转主界面","status":"passed","title":"新用户首次安装：登录后进入 SetupWizard，完成后直接跳转主界面","duration":4444,"failureMessages":[]},{"ancestorTitles":["","App 首次启动引导跳转链路"],"fullName":" App 首次启动引导跳转链路 完成后 completeOnboarding 与 completeLocalSetup 均被调用，本地状态标记完成","status":"passed","title":"完成后 completeOnboarding 与 completeLocalSetup 均被调用，本地状态标记完成","duration":3489,"failureMessages":[]}],"startTime":1787043951645,"endTime":1787043959578,"status":"passed","message":"","name":"C:/MsSafeData/Desktop/yijiandaodi/desktop-client-2.0/src/App.firstRun.test.tsx"},{"assertionResults":[{"ancestorTitles":["","治理引擎 · critical 网络攻击事件"],"fullName":" 治理引擎 · critical 网络攻击事件 触发验证流程（verify.flow）+ 五元组存证 + critical 风险标记，全部成功","status":"passed","title":"触发验证流程（verify.flow）+ 五元组存证 + critical 风险标记，全部成功","duration":60,"failureMessages":[]},{"ancestorTitles":["","治理引擎 · critical 网络攻击事件"],"fullName":" 治理引擎 · critical 网络攻击事件 后端不可用 → verify 失败触发告警，evidence 降级本地存证（不静默失败）","status":"passed","title":"后端不可用 → verify 失败触发告警，evidence 降级本地存证（不静默失败）","duration":30,"failureMessages":[]},{"ancestorTitles":["","治理引擎 · critical 网络攻击事件"],"fullName":" 治理引擎 · critical 网络攻击事件 镜像 main.ts 接线：经事件总线发布攻击事件 → 订阅触发验证流程 + 生成存证 + 风险标记","status":"passed","title":"镜像 main.ts 接线：经事件总线发布攻击事件 → 订阅触发验证流程 + 生成存证 + 风险标记","duration":28,"failureMessages":[]}],"startTime":1787043613285,"endTime":1787043613403,"status":"passed","message":"","name":"C:/MsSafeData/Desktop/yijiandaodi/desktop-client-2.0/electron/agent/attackSimulation.test.ts"},{"assertionResults":[{"ancestorTitles":["","verify.flow 流式执行链路 · 端到端集成"],"fullName":" verify.flow 流式执行链路 · 端到端集成 critical 事件 → 引擎 → 四官流式链路：6 帧进度按序发布、id 贯通，终态聚合四官结果（[Progress*, Terminal]）","status":"passed","title":"critical 事件 → 引擎 → 四官流式链路：6 帧进度按序发布、id 贯通，终态聚合四官结果（[Progress*, Terminal]）","duration":199,"failureMessages":[]},{"ancestorTitles":["","verify.flow 流式执行链路 · 端到端集成"],"fullName":" verify.flow 流式执行链路 · 端到端集成 性能埋点端到端：关键节点（规划/桥调用/四官判定/引擎执行）全部产出带耗时的 info 日志","status":"passed","title":"性能埋点端到端：关键节点（规划/桥调用/四官判定/引擎执行）全部产出带耗时的 info 日志","duration":41,"failureMessages":[]},{"ancestorTitles":["","verify.flow 流式执行链路 · 端到端集成"],"fullName":" verify.flow 流式执行链路 · 端到端集成 四官含风险裁决（judge=block + findings）：终态反映风险，链路完整、无动作失败、无告警","status":"passed","title":"四官含风险裁决（judge=block + findings）：终态反映风险，链路完整、无动作失败、无告警","duration":100,"failureMessages":[]}],"startTime":1787043545326,"endTime":1787043545668,"status":"passed","message":"","name":"C:/MsSafeData/Desktop/yijiandaodi/desktop-client-2.0/electron/agent/flowIntegration.test.ts"},{"assertionResults":[{"ancestorTitles":["","GovernanceEngine.executeRun（规划→执行）"],"fullName":" GovernanceEngine.executeRun（规划→执行） info 事件不执行任何动作","status":"passed","title":"info 事件不执行任何动作","duration":32,"failureMessages":[]},{"ancestorTitles":["","GovernanceEngine.executeRun（规划→执行）"],"fullName":" GovernanceEngine.executeRun（规划→执行） file warning：只读并行执行，写动作（evidence.commit）经 decision 放行","status":"passed","title":"file warning：只读并行执行，写动作（evidence.commit）经 decision 放行","duration":10,"failureMessages":[]},{"ancestorTitles":["","GovernanceEngine.executeRun（规划→执行）"],"fullName":" GovernanceEngine.executeRun（规划→执行） 写动作被 decision 拒绝 → 记 failed，不执行该工具","status":"passed","title":"写动作被 decision 拒绝 → 记 failed，不执行该工具","duration":3,"failureMessages":[]},{"ancestorTitles":["","GovernanceEngine.executeRun（规划→执行）"],"fullName":" GovernanceEngine.executeRun（规划→执行） 只读动作按 maxConcurrentReadonly 限流并行执行","status":"passed","title":"只读动作按 maxConcurrentReadonly 限流并行执行","duration":114,"failureMessages":[]},{"ancestorTitles":["","GovernanceEngine.executeRun（规划→执行）"],"fullName":" GovernanceEngine.executeRun（规划→执行） critical 事件：完成四官流程并触发告警（followUp）","status":"passed","title":"critical 事件：完成四官流程并触发告警（followUp）","duration":4,"failureMessages":[]},{"ancestorTitles":["","GovernanceEngine.executeRun（规划→执行）"],"fullName":" GovernanceEngine.executeRun（规划→执行） critical 事件但缺少 verify.flow → 触发续轮告警（followUp=true）","status":"passed","title":"critical 事件但缺少 verify.flow → 触发续轮告警（followUp=true）","duration":2,"failureMessages":[]},{"ancestorTitles":["","GovernanceEngine 订阅与事件流"],"fullName":" GovernanceEngine 订阅与事件流 start 订阅感知流，publish 触发规划执行","status":"passed","title":"start 订阅感知流，publish 触发规划执行","duration":61,"failureMessages":[]},{"ancestorTitles":["","GovernanceEngine 订阅与事件流"],"fullName":" GovernanceEngine 订阅与事件流 单事件仅执行一轮：每个工具各执行一次（无重复触发）","status":"passed","title":"单事件仅执行一轮：每个工具各执行一次（无重复触发）","duration":30,"failureMessages":[]},{"ancestorTitles":["","GovernanceEngine 订阅与事件流"],"fullName":" GovernanceEngine 订阅与事件流 事件隔离：单个事件处理异常不影响后续事件","status":"passed","title":"事件隔离：单个事件处理异常不影响后续事件","duration":37,"failureMessages":[]},{"ancestorTitles":["","GovernanceEngine 生命周期"],"fullName":" GovernanceEngine 生命周期 stop 幂等","status":"passed","title":"stop 幂等","duration":1,"failureMessages":[]},{"ancestorTitles":["","GovernanceEngine 生命周期"],"fullName":" GovernanceEngine 生命周期 未 start 时 stop 不抛错","status":"passed","title":"未 start 时 stop 不抛错","duration":1,"failureMessages":[]},{"ancestorTitles":["","GovernanceEngine × PluginHooksHost（P2 引擎挂点）"],"fullName":" GovernanceEngine × PluginHooksHost（P2 引擎挂点） onPercept 短路丢弃：事件不进入治理循环（不执行任何动作）","status":"passed","title":"onPercept 短路丢弃：事件不进入治理循环（不执行任何动作）","duration":38,"failureMessages":[]},{"ancestorTitles":["","GovernanceEngine × PluginHooksHost（P2 引擎挂点）"],"fullName":" GovernanceEngine × PluginHooksHost（P2 引擎挂点） beforePlan 改写 preplanned：追加建议动作参与本轮执行","status":"passed","title":"beforePlan 改写 preplanned：追加建议动作参与本轮执行","duration":3,"failureMessages":[]},{"ancestorTitles":["","GovernanceEngine × PluginHooksHost（P2 引擎挂点）"],"fullName":" GovernanceEngine × PluginHooksHost（P2 引擎挂点） onRunStart / onRunEnd 触发并携带 run 元数据（observe）","status":"passed","title":"onRunStart / onRunEnd 触发并携带 run 元数据（observe）","duration":41,"failureMessages":[]},{"ancestorTitles":["","GovernanceEngine × PluginHooksHost（P2 引擎挂点）"],"fullName":" GovernanceEngine × PluginHooksHost（P2 引擎挂点） onRiskAssessed 触发并携带定级结果（observe）","status":"passed","title":"onRiskAssessed 触发并携带定级结果（observe）","duration":35,"failureMessages":[]},{"ancestorTitles":["","GovernanceEngine × PluginHooksHost（P2 引擎挂点）"],"fullName":" GovernanceEngine × PluginHooksHost（P2 引擎挂点） beforeAlert 抑制：动作失败本应告警，被插件短路（不发送）","status":"passed","title":"beforeAlert 抑制：动作失败本应告警，被插件短路（不发送）","duration":52,"failureMessages":[]},{"ancestorTitles":["","GovernanceEngine × PluginHooksHost（P2 引擎挂点）"],"fullName":" GovernanceEngine × PluginHooksHost（P2 引擎挂点） beforeAlert 放行：插件改写载荷 → 告警收到改写后的值","status":"passed","title":"beforeAlert 放行：插件改写载荷 → 告警收到改写后的值","duration":46,"failureMessages":[]}],"startTime":1787043577052,"endTime":1787043577567,"status":"passed","message":"","name":"C:/MsSafeData/Desktop/yijiandaodi/desktop-client-2.0/electron/agent/governanceEngine.test.ts"},{"assertionResults":[{"ancestorTitles":["","perfLogAnalyzer","parseLogLines"],"fullName":" perfLogAnalyzer parseLogLines 解析 JSON Lines：提取 ts/level/message/ctx/meta","status":"passed","title":"解析 JSON Lines：提取 ts/level/message/ctx/meta","duration":9,"failureMessages":[]},{"ancestorTitles":["","perfLogAnalyzer","parseLogLines"],"fullName":" perfLogAnalyzer parseLogLines 解析控制台文本格式：message + module/function 归 context，其余归 meta","status":"passed","title":"解析控制台文本格式：message + module/function 归 context，其余归 meta","duration":2,"failureMessages":[]},{"ancestorTitles":["","perfLogAnalyzer","parseLogLines"],"fullName":" perfLogAnalyzer parseLogLines 跳过空行与无法识别的行","status":"passed","title":"跳过空行与无法识别的行","duration":2,"failureMessages":[]},{"ancestorTitles":["","perfLogAnalyzer","analyzeGovernanceLog"],"fullName":" perfLogAnalyzer analyzeGovernanceLog 按 runId 聚合关键节点，产出耗时指标（快/慢两轮）","status":"passed","title":"按 runId 聚合关键节点，产出耗时指标（快/慢两轮）","duration":9,"failureMessages":[]},{"ancestorTitles":["","perfLogAnalyzer","analyzeGovernanceLog"],"fullName":" perfLogAnalyzer analyzeGovernanceLog 汇总统计：planMs/backendMs/execMs 的 min/avg/p50/p95/p99/max","status":"passed","title":"汇总统计：planMs/backendMs/execMs 的 min/avg/p50/p95/p99/max","duration":2,"failureMessages":[]},{"ancestorTitles":["","perfLogAnalyzer","analyzeGovernanceLog"],"fullName":" perfLogAnalyzer analyzeGovernanceLog 慢轮 TopN 按 execMs/totalMs 排序","status":"passed","title":"慢轮 TopN 按 execMs/totalMs 排序","duration":2,"failureMessages":[]},{"ancestorTitles":["","perfLogAnalyzer","analyzeGovernanceLog"],"fullName":" perfLogAnalyzer analyzeGovernanceLog 忽略无 runId/session_id 的无关行","status":"passed","title":"忽略无 runId/session_id 的无关行","duration":1,"failureMessages":[]},{"ancestorTitles":["","perfLogAnalyzer","analyzeGovernanceLog"],"fullName":" perfLogAnalyzer analyzeGovernanceLog 采集失败动作：桥失败与引擎动作执行失败去重为一条，含 code/error/denied","status":"passed","title":"采集失败动作：桥失败与引擎动作执行失败去重为一条，含 code/error/denied","duration":4,"failureMessages":[]},{"ancestorTitles":["","perfLogAnalyzer","analyzeGovernanceLog"],"fullName":" perfLogAnalyzer analyzeGovernanceLog 采集权限拒绝（denied=true）错误样本","status":"passed","title":"采集权限拒绝（denied=true）错误样本","duration":38,"failureMessages":[]},{"ancestorTitles":["","perfLogAnalyzer","analyzeGovernanceLog"],"fullName":" perfLogAnalyzer analyzeGovernanceLog 混合成功/失败轮次：failures 只包含失败轮，成功轮不进失败列表","status":"passed","title":"混合成功/失败轮次：failures 只包含失败轮，成功轮不进失败列表","duration":7,"failureMessages":[]},{"ancestorTitles":["","perfLogAnalyzer","analyzeGovernanceLog"],"fullName":" perfLogAnalyzer analyzeGovernanceLog 加固去重：denied=true 的拒绝与普通失败即使同 tool+error 文本也互不合并","status":"passed","title":"加固去重：denied=true 的拒绝与普通失败即使同 tool+error 文本也互不合并","duration":2,"failureMessages":[]},{"ancestorTitles":["","perfLogAnalyzer","analyzeGovernanceLog"],"fullName":" perfLogAnalyzer analyzeGovernanceLog 桥/引擎同一次失败（denied 均非 true）仍正常合并为一条","status":"passed","title":"桥/引擎同一次失败（denied 均非 true）仍正常合并为一条","duration":1,"failureMessages":[]},{"ancestorTitles":["","perfLogAnalyzer","analyzeGovernanceLog"],"fullName":" perfLogAnalyzer analyzeGovernanceLog 去重链路日志：注入日志器后新增/合并/忽略分支分别输出 key 与样本","status":"passed","title":"去重链路日志：注入日志器后新增/合并/忽略分支分别输出 key 与样本","duration":3,"failureMessages":[]},{"ancestorTitles":["","perfLogAnalyzer","analyzeGovernanceLog"],"fullName":" perfLogAnalyzer analyzeGovernanceLog 空输入：runs 为空、指标为 null、渲染不崩溃","status":"passed","title":"空输入：runs 为空、指标为 null、渲染不崩溃","duration":3,"failureMessages":[]},{"ancestorTitles":["","perfLogAnalyzer","errorKey"],"fullName":" perfLogAnalyzer errorKey denied=undefined 归一化为 plain","status":"passed","title":"denied=undefined 归一化为 plain","duration":1,"failureMessages":[]},{"ancestorTitles":["","perfLogAnalyzer","errorKey"],"fullName":" perfLogAnalyzer errorKey denied=false 归一化为 plain","status":"passed","title":"denied=false 归一化为 plain","duration":0,"failureMessages":[]},{"ancestorTitles":["","perfLogAnalyzer","errorKey"],"fullName":" perfLogAnalyzer errorKey denied=true 归一化为 denied","status":"passed","title":"denied=true 归一化为 denied","duration":0,"failureMessages":[]},{"ancestorTitles":["","perfLogAnalyzer","errorKey"],"fullName":" perfLogAnalyzer errorKey tool 为空时保留空字符串段","status":"passed","title":"tool 为空时保留空字符串段","duration":0,"failureMessages":[]},{"ancestorTitles":["","perfLogAnalyzer","errorKey"],"fullName":" perfLogAnalyzer errorKey tool 为 undefined 时保留空字符串段","status":"passed","title":"tool 为 undefined 时保留空字符串段","duration":1,"failureMessages":[]},{"ancestorTitles":["","perfLogAnalyzer","errorKey"],"fullName":" perfLogAnalyzer errorKey error 为空时保留空字符串段","status":"passed","title":"error 为空时保留空字符串段","duration":0,"failureMessages":[]},{"ancestorTitles":["","perfLogAnalyzer","errorKey"],"fullName":" perfLogAnalyzer errorKey 三态全覆盖：桥日志（undefined）→plain, 普通失败（false）→plain, 拒绝（true）→denied","status":"passed","title":"三态全覆盖：桥日志（undefined）→plain, 普通失败（false）→plain, 拒绝（true）→denied","duration":1,"failureMessages":[]},{"ancestorTitles":["","perfLogAnalyzer","summarize"],"fullName":" perfLogAnalyzer summarize 分布统计正确","status":"passed","title":"分布统计正确","duration":1,"failureMessages":[]},{"ancestorTitles":["","perfLogAnalyzer","summarize"],"fullName":" perfLogAnalyzer summarize 空数组返回 null","status":"passed","title":"空数组返回 null","duration":1,"failureMessages":[]},{"ancestorTitles":["","perfLogAnalyzer","renderReport"],"fullName":" perfLogAnalyzer renderReport text 报告包含各关键节点区块与最慢轮明细","status":"passed","title":"text 报告包含各关键节点区块与最慢轮明细","duration":1,"failureMessages":[]},{"ancestorTitles":["","perfLogAnalyzer","renderReport"],"fullName":" perfLogAnalyzer renderReport text 报告包含失败统计与失败轮次错误详情","status":"passed","title":"text 报告包含失败统计与失败轮次错误详情","duration":2,"failureMessages":[]},{"ancestorTitles":["","perfLogAnalyzer","renderReport"],"fullName":" perfLogAnalyzer renderReport json 报告为结构化对象","status":"passed","title":"json 报告为结构化对象","duration":1,"failureMessages":[]},{"ancestorTitles":["","perfLogAnalyzer","文件读取"],"fullName":" perfLogAnalyzer 文件读取 parseLogFile 流式读取真实日志文件","status":"passed","title":"parseLogFile 流式读取真实日志文件","duration":35,"failureMessages":[]},{"ancestorTitles":["","perfLogAnalyzer","文件读取"],"fullName":" perfLogAnalyzer 文件读取 resolveGovernanceLogFiles 只匹配 governance-*.log","status":"passed","title":"resolveGovernanceLogFiles 只匹配 governance-*.log","duration":35,"failureMessages":[]}],"startTime":1787043458835,"endTime":1787043459001,"status":"passed","message":"","name":"C:/MsSafeData/Desktop/yijiandaodi/desktop-client-2.0/electron/agent/perfLogAnalyzer.test.ts"},{"assertionResults":[{"ancestorTitles":["","isPerceptionStream"],"fullName":" isPerceptionStream 感知流为 true，治理流为 false","status":"passed","title":"感知流为 true，治理流为 false","duration":3,"failureMessages":[]},{"ancestorTitles":["","RulePlanner.plan"],"fullName":" RulePlanner.plan info 事件不产出动作（仅登记）","status":"passed","title":"info 事件不产出动作（仅登记）","duration":4,"failureMessages":[]},{"ancestorTitles":["","RulePlanner.plan"],"fullName":" RulePlanner.plan 非感知流（tool）不产出动作","status":"passed","title":"非感知流（tool）不产出动作","duration":0,"failureMessages":[]},{"ancestorTitles":["","RulePlanner.plan"],"fullName":" RulePlanner.plan file warning → verify.run + verify.flow + evidence.commit（写动作串行）","status":"passed","title":"file warning → verify.run + verify.flow + evidence.commit（写动作串行）","duration":4,"failureMessages":[]},{"ancestorTitles":["","RulePlanner.plan"],"fullName":" RulePlanner.plan file critical → 追加 risk.mark（关键风险标记）","status":"passed","title":"file critical → 追加 risk.mark（关键风险标记）","duration":1,"failureMessages":[]},{"ancestorTitles":["","RulePlanner.plan"],"fullName":" RulePlanner.plan process warning → verify.flow + evidence.commit","status":"passed","title":"process warning → verify.flow + evidence.commit","duration":18,"failureMessages":[]},{"ancestorTitles":["","RulePlanner.plan"],"fullName":" RulePlanner.plan network critical → verify.flow + evidence.commit + risk.mark","status":"passed","title":"network critical → verify.flow + evidence.commit + risk.mark","duration":10,"failureMessages":[]},{"ancestorTitles":["","RulePlanner.plan"],"fullName":" RulePlanner.plan clipboard warning → verify.flow（不存证）","status":"passed","title":"clipboard warning → verify.flow（不存证）","duration":1,"failureMessages":[]},{"ancestorTitles":["","RulePlanner.plan"],"fullName":" RulePlanner.plan resource critical → risk.mark（资源告警标记）","status":"passed","title":"resource critical → risk.mark（资源告警标记）","duration":1,"failureMessages":[]},{"ancestorTitles":["","RulePlanner.plan"],"fullName":" RulePlanner.plan api_call critical → verify.run + verify.flow + evidence.commit + risk.mark","status":"passed","title":"api_call critical → verify.run + verify.flow + evidence.commit + risk.mark","duration":2,"failureMessages":[]}],"startTime":1787043990466,"endTime":1787043990512,"status":"passed","message":"","name":"C:/MsSafeData/Desktop/yijiandaodi/desktop-client-2.0/electron/agent/planner.test.ts"},{"assertionResults":[{"ancestorTitles":["","PluginRegistry 生命周期"],"fullName":" PluginRegistry 生命周期 install 后插件进入 list，状态 loaded","status":"passed","title":"install 后插件进入 list，状态 loaded","duration":4,"failureMessages":[]},{"ancestorTitles":["","PluginRegistry 生命周期"],"fullName":" PluginRegistry 生命周期 重复 install 同 id 跳过","status":"passed","title":"重复 install 同 id 跳过","duration":0,"failureMessages":[]},{"ancestorTitles":["","PluginRegistry 生命周期"],"fullName":" PluginRegistry 生命周期 uninstall 后移除插件","status":"passed","title":"uninstall 后移除插件","duration":2,"failureMessages":[]},{"ancestorTitles":["","PluginRegistry 生命周期"],"fullName":" PluginRegistry 生命周期 uninstallAll 清空全部","status":"passed","title":"uninstallAll 清空全部","duration":1,"failureMessages":[]},{"ancestorTitles":["","PluginRegistry 生命周期"],"fullName":" PluginRegistry 生命周期 install 注入工具：插件工具可被注册表使用","status":"passed","title":"install 注入工具：插件工具可被注册表使用","duration":2,"failureMessages":[]},{"ancestorTitles":["","PluginRegistry 生命周期"],"fullName":" PluginRegistry 生命周期 插件 subscribe 直连总线：安装后 file 流有订阅者","status":"passed","title":"插件 subscribe 直连总线：安装后 file 流有订阅者","duration":5,"failureMessages":[]},{"ancestorTitles":["","PluginRegistry × HooksHost 集成（P1）"],"fullName":" PluginRegistry × HooksHost 集成（P1） install 注册插件钩子到 HooksHost，emit 生效（短路可丢弃）","status":"passed","title":"install 注册插件钩子到 HooksHost，emit 生效（短路可丢弃）","duration":3,"failureMessages":[]},{"ancestorTitles":["","PluginRegistry × HooksHost 集成（P1）"],"fullName":" PluginRegistry × HooksHost 集成（P1） install 注册的钩子按插件 priority 排序","status":"passed","title":"install 注册的钩子按插件 priority 排序","duration":38,"failureMessages":[]},{"ancestorTitles":["","PluginRegistry × HooksHost 集成（P1）"],"fullName":" PluginRegistry × HooksHost 集成（P1） disable 状态机：状态切 disabled 且钩子不再参与 emit","status":"passed","title":"disable 状态机：状态切 disabled 且钩子不再参与 emit","duration":8,"failureMessages":[]},{"ancestorTitles":["","PluginRegistry × HooksHost 集成（P1）"],"fullName":" PluginRegistry × HooksHost 集成（P1） disable/enable 不存在的插件返回 false","status":"passed","title":"disable/enable 不存在的插件返回 false","duration":1,"failureMessages":[]},{"ancestorTitles":["","PluginRegistry × HooksHost 集成（P1）"],"fullName":" PluginRegistry × HooksHost 集成（P1） registerTools 抛异常 → 插件标记 error 状态并记录错误","status":"passed","title":"registerTools 抛异常 → 插件标记 error 状态并记录错误","duration":3,"failureMessages":[]},{"ancestorTitles":["","PluginRegistry × HooksHost 集成（P1）"],"fullName":" PluginRegistry × HooksHost 集成（P1） uninstall 注销钩子：emit 不再触发该插件钩子","status":"passed","title":"uninstall 注销钩子：emit 不再触发该插件钩子","duration":1,"failureMessages":[]},{"ancestorTitles":["","PluginRegistry × HooksHost 集成（P1）"],"fullName":" PluginRegistry × HooksHost 集成（P1） 钩子熔断与注册表共享同一 HooksHost 实例","status":"passed","title":"钩子熔断与注册表共享同一 HooksHost 实例","duration":7,"failureMessages":[]},{"ancestorTitles":["","PluginRegistry 状态机：完整流转与错误路径"],"fullName":" PluginRegistry 状态机：完整流转与错误路径 setActive 标记激活，isActive 生效","status":"passed","title":"setActive 标记激活，isActive 生效","duration":1,"failureMessages":[]},{"ancestorTitles":["","PluginRegistry 状态机：完整流转与错误路径"],"fullName":" PluginRegistry 状态机：完整流转与错误路径 get / getStatus 对不存在的插件返回 undefined","status":"passed","title":"get / getStatus 对不存在的插件返回 undefined","duration":0,"failureMessages":[]},{"ancestorTitles":["","PluginRegistry 状态机：完整流转与错误路径"],"fullName":" PluginRegistry 状态机：完整流转与错误路径 markError 对不存在的插件无效（不抛、不改任何状态）","status":"passed","title":"markError 对不存在的插件无效（不抛、不改任何状态）","duration":3,"failureMessages":[]},{"ancestorTitles":["","PluginRegistry 状态机：完整流转与错误路径"],"fullName":" PluginRegistry 状态机：完整流转与错误路径 markError 支持非 Error 值（按原值记录）","status":"passed","title":"markError 支持非 Error 值（按原值记录）","duration":0,"failureMessages":[]},{"ancestorTitles":["","PluginRegistry 状态机：完整流转与错误路径"],"fullName":" PluginRegistry 状态机：完整流转与错误路径 subscribe 抛异常 → 插件标记 error 状态并记录阶段信息","status":"passed","title":"subscribe 抛异常 → 插件标记 error 状态并记录阶段信息","duration":1,"failureMessages":[]},{"ancestorTitles":["","PluginRegistry 状态机：完整流转与错误路径"],"fullName":" PluginRegistry 状态机：完整流转与错误路径 状态机完整流转：loaded → disabled → loaded → error → loaded → retired","status":"passed","title":"状态机完整流转：loaded → disabled → loaded → error → loaded → retired","duration":1,"failureMessages":[]},{"ancestorTitles":["","PluginRegistry 状态机：完整流转与错误路径"],"fullName":" PluginRegistry 状态机：完整流转与错误路径 error 状态插件 disable → 切 disabled 且错误信息保留","status":"passed","title":"error 状态插件 disable → 切 disabled 且错误信息保留","duration":1,"failureMessages":[]},{"ancestorTitles":["","PluginRegistry 状态机：完整流转与错误路径"],"fullName":" PluginRegistry 状态机：完整流转与错误路径 install 返回的退订函数：调用即触发 uninstall 移除插件","status":"passed","title":"install 返回的退订函数：调用即触发 uninstall 移除插件","duration":0,"failureMessages":[]},{"ancestorTitles":["","PluginRegistry 卸载清理（uninstall）"],"fullName":" PluginRegistry 卸载清理（uninstall） uninstall 触发 onUninstall 钩子（资源清理回调）","status":"passed","title":"uninstall 触发 onUninstall 钩子（资源清理回调）","duration":2,"failureMessages":[]},{"ancestorTitles":["","PluginRegistry 卸载清理（uninstall）"],"fullName":" PluginRegistry 卸载清理（uninstall） onUninstall 同步抛异常 → warn 记录，卸载不中断","status":"passed","title":"onUninstall 同步抛异常 → warn 记录，卸载不中断","duration":2,"failureMessages":[]},{"ancestorTitles":["","PluginRegistry 卸载清理（uninstall）"],"fullName":" PluginRegistry 卸载清理（uninstall） onUninstall 异步 reject → warn 记录，不向上抛异常","status":"passed","title":"onUninstall 异步 reject → warn 记录，不向上抛异常","duration":41,"failureMessages":[]},{"ancestorTitles":["","PluginRegistry 卸载清理（uninstall）"],"fullName":" PluginRegistry 卸载清理（uninstall） uninstall 退订事件流：bus 订阅者归零","status":"passed","title":"uninstall 退订事件流：bus 订阅者归零","duration":4,"failureMessages":[]},{"ancestorTitles":["","PluginRegistry 卸载清理（uninstall）"],"fullName":" PluginRegistry 卸载清理（uninstall） uninstall 不存在的插件幂等（不抛异常）","status":"passed","title":"uninstall 不存在的插件幂等（不抛异常）","duration":1,"failureMessages":[]},{"ancestorTitles":["","PluginRegistry 卸载清理（uninstall）"],"fullName":" PluginRegistry 卸载清理（uninstall） uninstall 注销钩子后 HooksHost 健康状态不再包含该插件","status":"passed","title":"uninstall 注销钩子后 HooksHost 健康状态不再包含该插件","duration":3,"failureMessages":[]},{"ancestorTitles":["","runOncePerAgentRun 单飞去重"],"fullName":" runOncePerAgentRun 单飞去重 同一 key 只执行一次（复用已发起的 Promise）","status":"passed","title":"同一 key 只执行一次（复用已发起的 Promise）","duration":20,"failureMessages":[]},{"ancestorTitles":["","runOncePerAgentRun 单飞去重"],"fullName":" runOncePerAgentRun 单飞去重 不同 key 各自执行","status":"passed","title":"不同 key 各自执行","duration":2,"failureMessages":[]},{"ancestorTitles":["","runOncePerAgentRun 单飞去重"],"fullName":" runOncePerAgentRun 单飞去重 并发调用同一 key 只执行一次（Promise 复用防风暴）","status":"passed","title":"并发调用同一 key 只执行一次（Promise 复用防风暴）","duration":30,"failureMessages":[]},{"ancestorTitles":["","runOncePerAgentRun 单飞去重"],"fullName":" runOncePerAgentRun 单飞去重 执行完成后 key 释放（后续可再次执行）","status":"passed","title":"执行完成后 key 释放（后续可再次执行）","duration":0,"failureMessages":[]},{"ancestorTitles":["","AgentEventEnvelope 单飞去重场景（防事件风暴重复触发多轮治理）"],"fullName":" AgentEventEnvelope 单飞去重场景（防事件风暴重复触发多轮治理） 同一 runId 同一事件的插件处理只发生一次","status":"passed","title":"同一 runId 同一事件的插件处理只发生一次","duration":0,"failureMessages":[]},{"ancestorTitles":["","PluginRegistry A2 生命周期优化（依赖解析/可逆副作用/热重载骨架）"],"fullName":" PluginRegistry A2 生命周期优化（依赖解析/可逆副作用/热重载骨架） 依赖解析：声明依赖但依赖未安装 → install 抛错且不注册（fail-closed）","status":"passed","title":"依赖解析：声明依赖但依赖未安装 → install 抛错且不注册（fail-closed）","duration":3,"failureMessages":[]},{"ancestorTitles":["","PluginRegistry A2 生命周期优化（依赖解析/可逆副作用/热重载骨架）"],"fullName":" PluginRegistry A2 生命周期优化（依赖解析/可逆副作用/热重载骨架） 依赖解析：依赖已安装则消费者安装成功","status":"passed","title":"依赖解析：依赖已安装则消费者安装成功","duration":3,"failureMessages":[]},{"ancestorTitles":["","PluginRegistry A2 生命周期优化（依赖解析/可逆副作用/热重载骨架）"],"fullName":" PluginRegistry A2 生命周期优化（依赖解析/可逆副作用/热重载骨架） 可逆副作用：uninstall 批量注销插件注入的工具（避免内存泄漏）","status":"passed","title":"可逆副作用：uninstall 批量注销插件注入的工具（避免内存泄漏）","duration":1,"failureMessages":[]},{"ancestorTitles":["","PluginRegistry A2 生命周期优化（依赖解析/可逆副作用/热重载骨架）"],"fullName":" PluginRegistry A2 生命周期优化（依赖解析/可逆副作用/热重载骨架） keepToolsOnUninstall=true：卸载后工具保留（视图型工具优雅降级）","status":"passed","title":"keepToolsOnUninstall=true：卸载后工具保留（视图型工具优雅降级）","duration":1,"failureMessages":[]},{"ancestorTitles":["","PluginRegistry A2 生命周期优化（依赖解析/可逆副作用/热重载骨架）"],"fullName":" PluginRegistry A2 生命周期优化（依赖解析/可逆副作用/热重载骨架） 可逆副作用：reload 后旧工具被注销、新工具生效","status":"passed","title":"可逆副作用：reload 后旧工具被注销、新工具生效","duration":1,"failureMessages":[]},{"ancestorTitles":["","PluginRegistry A2 生命周期优化（依赖解析/可逆副作用/热重载骨架）"],"fullName":" PluginRegistry A2 生命周期优化（依赖解析/可逆副作用/热重载骨架） reload 热重载：旧钩子被注销、新定义钩子生效","status":"passed","title":"reload 热重载：旧钩子被注销、新定义钩子生效","duration":2,"failureMessages":[]},{"ancestorTitles":["","PluginRegistry A2 生命周期优化（依赖解析/可逆副作用/热重载骨架）"],"fullName":" PluginRegistry A2 生命周期优化（依赖解析/可逆副作用/热重载骨架） reload 退订清理：旧订阅被退订、新订阅建立（订阅者数保持 1）","status":"passed","title":"reload 退订清理：旧订阅被退订、新订阅建立（订阅者数保持 1）","duration":1,"failureMessages":[]},{"ancestorTitles":["","PluginRegistry A2 生命周期优化（依赖解析/可逆副作用/热重载骨架）"],"fullName":" PluginRegistry A2 生命周期优化（依赖解析/可逆副作用/热重载骨架） reload 不存在的插件返回 false（不卸载任何东西）","status":"passed","title":"reload 不存在的插件返回 false（不卸载任何东西）","duration":1,"failureMessages":[]},{"ancestorTitles":["","PluginRegistry A2 生命周期优化（依赖解析/可逆副作用/热重载骨架）"],"fullName":" PluginRegistry A2 生命周期优化（依赖解析/可逆副作用/热重载骨架） reload 新定义依赖缺失 → 返回 false 且旧实例已卸载","status":"passed","title":"reload 新定义依赖缺失 → 返回 false 且旧实例已卸载","duration":0,"failureMessages":[]},{"ancestorTitles":["","PluginRegistry A2 生命周期优化（依赖解析/可逆副作用/热重载骨架）"],"fullName":" PluginRegistry A2 生命周期优化（依赖解析/可逆副作用/热重载骨架） reload 后注册表可再次按新定义正常工作（list/get 反映新版本）","status":"passed","title":"reload 后注册表可再次按新定义正常工作（list/get 反映新版本）","duration":1,"failureMessages":[]}],"startTime":1787043499514,"endTime":1787043499725,"status":"passed","message":"","name":"C:/MsSafeData/Desktop/yijiandaodi/desktop-client-2.0/electron/agent/pluginRegistry.test.ts"},{"assertionResults":[{"ancestorTitles":["","calculateDelay（对齐 Grok retry.rs test_calculate_delay）"],"fullName":" calculateDelay（对齐 Grok retry.rs test_calculate_delay） 默认配置：1→1000ms, 2→2000ms, 3→4000ms, 6→30000ms（封顶）","status":"passed","title":"默认配置：1→1000ms, 2→2000ms, 3→4000ms, 6→30000ms（封顶）","duration":4,"failureMessages":[]},{"ancestorTitles":["","calculateDelay（对齐 Grok retry.rs test_calculate_delay）"],"fullName":" calculateDelay（对齐 Grok retry.rs test_calculate_delay） 自定义配置：500ms 底、5000ms 上限，第4次→4000ms、第5次→5000ms（封顶）","status":"passed","title":"自定义配置：500ms 底、5000ms 上限，第4次→4000ms、第5次→5000ms（封顶）","duration":2,"failureMessages":[]},{"ancestorTitles":["","calculateDelay（对齐 Grok retry.rs test_calculate_delay）"],"fullName":" calculateDelay（对齐 Grok retry.rs test_calculate_delay） 超大 attempt 不溢出，仍封顶 maxDelayMs","status":"passed","title":"超大 attempt 不溢出，仍封顶 maxDelayMs","duration":1,"failureMessages":[]},{"ancestorTitles":["","calculateDelay（对齐 Grok retry.rs test_calculate_delay）"],"fullName":" calculateDelay（对齐 Grok retry.rs test_calculate_delay） 默认配置对齐 Grok BackoffConfig::default","status":"passed","title":"默认配置对齐 Grok BackoffConfig::default","duration":2,"failureMessages":[]},{"ancestorTitles":["","executeWithBackoff（对齐 Grok execute_with_backoff）"],"fullName":" executeWithBackoff（对齐 Grok execute_with_backoff） 首次成功不重试","status":"passed","title":"首次成功不重试","duration":2,"failureMessages":[]},{"ancestorTitles":["","executeWithBackoff（对齐 Grok execute_with_backoff）"],"fullName":" executeWithBackoff（对齐 Grok execute_with_backoff） 失败后按 maxRetries 重试，onRetry 收到 (attempt, maxRetries, delayMs)","status":"passed","title":"失败后按 maxRetries 重试，onRetry 收到 (attempt, maxRetries, delayMs)","duration":31,"failureMessages":[]},{"ancestorTitles":["","executeWithBackoff（对齐 Grok execute_with_backoff）"],"fullName":" executeWithBackoff（对齐 Grok execute_with_backoff） 重试到第 N 次成功时返回结果，不再多调 execute","status":"passed","title":"重试到第 N 次成功时返回结果，不再多调 execute","duration":29,"failureMessages":[]},{"ancestorTitles":["","executeWithBackoff（对齐 Grok execute_with_backoff）"],"fullName":" executeWithBackoff（对齐 Grok execute_with_backoff） 最后一次错误被上抛（而不是第一次）","status":"passed","title":"最后一次错误被上抛（而不是第一次）","duration":24,"failureMessages":[]}],"startTime":1787044087639,"endTime":1787044087735,"status":"passed","message":"","name":"C:/MsSafeData/Desktop/yijiandaodi/desktop-client-2.0/electron/agent/retryWithBackoff.test.ts"},{"assertionResults":[{"ancestorTitles":["","ToolBridge.call（分发）"],"fullName":" ToolBridge.call（分发） 只读工具无需权限钩子即可执行，返回双通道结果","status":"passed","title":"只读工具无需权限钩子即可执行，返回双通道结果","duration":12,"failureMessages":[]},{"ancestorTitles":["","ToolBridge.call（分发）"],"fullName":" ToolBridge.call（分发） 未注册工具抛出 tool_not_found","status":"passed","title":"未注册工具抛出 tool_not_found","duration":9,"failureMessages":[]},{"ancestorTitles":["","ToolBridge.call（分发）"],"fullName":" ToolBridge.call（分发） 写工具缺 canUseTool 时 fail-closed 拒绝（permission_denied）","status":"passed","title":"写工具缺 canUseTool 时 fail-closed 拒绝（permission_denied）","duration":1,"failureMessages":[]},{"ancestorTitles":["","ToolBridge.call（分发）"],"fullName":" ToolBridge.call（分发） 写工具 canUseTool 允许时执行，拒绝时抛 permission_denied","status":"passed","title":"写工具 canUseTool 允许时执行，拒绝时抛 permission_denied","duration":7,"failureMessages":[]},{"ancestorTitles":["","ToolBridge.call（分发）"],"fullName":" ToolBridge.call（分发） 参数不符合 schema 时抛 invalid_params","status":"passed","title":"参数不符合 schema 时抛 invalid_params","duration":1,"failureMessages":[]},{"ancestorTitles":["","ToolBridge.call（分发）"],"fullName":" ToolBridge.call（分发） 工具 run 抛错时包装为 execution_error","status":"passed","title":"工具 run 抛错时包装为 execution_error","duration":2,"failureMessages":[]},{"ancestorTitles":["","ToolBridge.call（分发）"],"fullName":" ToolBridge.call（分发） 结果超 maxResultSizeChars 时截断并带标记","status":"passed","title":"结果超 maxResultSizeChars 时截断并带标记","duration":2,"failureMessages":[]},{"ancestorTitles":["","ToolBridge.tryParse（只校验不执行）"],"fullName":" ToolBridge.tryParse（只校验不执行） 合法参数 ok:true","status":"passed","title":"合法参数 ok:true","duration":1,"failureMessages":[]},{"ancestorTitles":["","ToolBridge.tryParse（只校验不执行）"],"fullName":" ToolBridge.tryParse（只校验不执行） 缺少必填字段 ok:false 并给出字段名","status":"passed","title":"缺少必填字段 ok:false 并给出字段名","duration":1,"failureMessages":[]},{"ancestorTitles":["","ToolBridge.tryParse（只校验不执行）"],"fullName":" ToolBridge.tryParse（只校验不执行） 字段类型不符 ok:false","status":"passed","title":"字段类型不符 ok:false","duration":8,"failureMessages":[]},{"ancestorTitles":["","ToolBridge.tryParse（只校验不执行）"],"fullName":" ToolBridge.tryParse（只校验不执行） 未注册工具 ok:false","status":"passed","title":"未注册工具 ok:false","duration":0,"failureMessages":[]},{"ancestorTitles":["","ToolBridge.tryParse（只校验不执行）"],"fullName":" ToolBridge.tryParse（只校验不执行） 无 inputSchema 的工具直接 ok:true","status":"passed","title":"无 inputSchema 的工具直接 ok:true","duration":1,"failureMessages":[]},{"ancestorTitles":["","ToolBridge 事件发布（tool 流 request → result，id 贯通）"],"fullName":" ToolBridge 事件发布（tool 流 request → result，id 贯通） call 依次发布 tool_use 与 tool_result，且 tool_use_id 与入参 toolCallId 一致","status":"passed","title":"call 依次发布 tool_use 与 tool_result，且 tool_use_id 与入参 toolCallId 一致","duration":3,"failureMessages":[]},{"ancestorTitles":["","ToolBridge 事件发布（tool 流 request → result，id 贯通）"],"fullName":" ToolBridge 事件发布（tool 流 request → result，id 贯通） 未注入 bus 时不发布（不抛错）","status":"passed","title":"未注入 bus 时不发布（不抛错）","duration":1,"failureMessages":[]},{"ancestorTitles":["","ToolBridge 事件发布（tool 流 request → result，id 贯通）"],"fullName":" ToolBridge 事件发布（tool 流 request → result，id 贯通） 执行失败时仍发布 tool_result（is_error=true + 错误消息），call 依旧抛 execution_error","status":"passed","title":"执行失败时仍发布 tool_result（is_error=true + 错误消息），call 依旧抛 execution_error","duration":4,"failureMessages":[]},{"ancestorTitles":["","ToolBridge.toolDefinitions"],"fullName":" ToolBridge.toolDefinitions 透传注册表 schema 清单","status":"passed","title":"透传注册表 schema 清单","duration":49,"failureMessages":[]},{"ancestorTitles":["","ToolBridge × PluginHooksHost（P2 AOP 挂点）"],"fullName":" ToolBridge × PluginHooksHost（P2 AOP 挂点） beforeToolCall 改写 input：执行使用插件改写后的参数","status":"passed","title":"beforeToolCall 改写 input：执行使用插件改写后的参数","duration":13,"failureMessages":[]},{"ancestorTitles":["","ToolBridge × PluginHooksHost（P2 AOP 挂点）"],"fullName":" ToolBridge × PluginHooksHost（P2 AOP 挂点） beforeToolCall 返回 void：保持原始 input","status":"passed","title":"beforeToolCall 返回 void：保持原始 input","duration":1,"failureMessages":[]},{"ancestorTitles":["","ToolBridge × PluginHooksHost（P2 AOP 挂点）"],"fullName":" ToolBridge × PluginHooksHost（P2 AOP 挂点） afterToolCall 改写结果：发布与返回均使用改写后的 content","status":"passed","title":"afterToolCall 改写结果：发布与返回均使用改写后的 content","duration":3,"failureMessages":[]},{"ancestorTitles":["","ToolBridge × PluginHooksHost（P2 AOP 挂点）"],"fullName":" ToolBridge × PluginHooksHost（P2 AOP 挂点） afterToolCall 返回 void：保持原始结果","status":"passed","title":"afterToolCall 返回 void：保持原始结果","duration":1,"failureMessages":[]},{"ancestorTitles":["","ToolError"],"fullName":" ToolError 构造错误带 code / message / detail","status":"passed","title":"构造错误带 code / message / detail","duration":1,"failureMessages":[]},{"ancestorTitles":["","ToolBridge 双层闸门 · validateInput（语义校验，fail-closed）"],"fullName":" ToolBridge 双层闸门 · validateInput（语义校验，fail-closed） 校验不通过：抛 invalid_params，run 不执行","status":"passed","title":"校验不通过：抛 invalid_params，run 不执行","duration":5,"failureMessages":[]},{"ancestorTitles":["","ToolBridge 双层闸门 · validateInput（语义校验，fail-closed）"],"fullName":" ToolBridge 双层闸门 · validateInput（语义校验，fail-closed） 校验通过后正常执行","status":"passed","title":"校验通过后正常执行","duration":10,"failureMessages":[]},{"ancestorTitles":["","ToolBridge 双层闸门 · checkPermissions（工具级权限）"],"fullName":" ToolBridge 双层闸门 · checkPermissions（工具级权限） 工具级拒绝：抛 permission_denied（只读工具也被拦截），run 不执行","status":"passed","title":"工具级拒绝：抛 permission_denied（只读工具也被拦截），run 不执行","duration":3,"failureMessages":[]},{"ancestorTitles":["","ToolBridge 双层闸门 · checkPermissions（工具级权限）"],"fullName":" ToolBridge 双层闸门 · checkPermissions（工具级权限） 工具级通过后，写操作仍需走全局 canUseTool","status":"passed","title":"工具级通过后，写操作仍需走全局 canUseTool","duration":1,"failureMessages":[]},{"ancestorTitles":["","ToolBridge 流式进度协议（[Progress*, Terminal]）"],"fullName":" ToolBridge 流式进度协议（[Progress*, Terminal]） stream 产出进度事件：经 onProgress 回调 + bus 发布 tool_progress，终态为 return 值","status":"passed","title":"stream 产出进度事件：经 onProgress 回调 + bus 发布 tool_progress，终态为 return 值","duration":5,"failureMessages":[]},{"ancestorTitles":["","ToolBridge 流式进度协议（[Progress*, Terminal]）"],"fullName":" ToolBridge 流式进度协议（[Progress*, Terminal]） stream 生成器抛错时包装为 execution_error","status":"passed","title":"stream 生成器抛错时包装为 execution_error","duration":11,"failureMessages":[]},{"ancestorTitles":["","ToolBridge 日志跟随动态级别切换（注入真实 GovernanceLogger）"],"fullName":" ToolBridge 日志跟随动态级别切换（注入真实 GovernanceLogger） 默认 DEBUG：AOP info 埋点输出，trace 埋点被过滤","status":"passed","title":"默认 DEBUG：AOP info 埋点输出，trace 埋点被过滤","duration":7,"failureMessages":[]},{"ancestorTitles":["","ToolBridge 日志跟随动态级别切换（注入真实 GovernanceLogger）"],"fullName":" ToolBridge 日志跟随动态级别切换（注入真实 GovernanceLogger） setLevel(INFO)：AOP info 埋点输出、trace 被过滤","status":"passed","title":"setLevel(INFO)：AOP info 埋点输出、trace 被过滤","duration":2,"failureMessages":[]},{"ancestorTitles":["","ToolBridge 日志跟随动态级别切换（注入真实 GovernanceLogger）"],"fullName":" ToolBridge 日志跟随动态级别切换（注入真实 GovernanceLogger） setLevel(TRACE)：trace 埋点输出（决策路径全量）","status":"passed","title":"setLevel(TRACE)：trace 埋点输出（决策路径全量）","duration":2,"failureMessages":[]}],"startTime":1787043500343,"endTime":1787043500516,"status":"passed","message":"","name":"C:/MsSafeData/Desktop/yijiandaodi/desktop-client-2.0/electron/agent/toolBridge.test.ts"},{"assertionResults":[{"ancestorTitles":["","ToolRegistry"],"fullName":" ToolRegistry 注册后通过 get() 取出，has() 为 true","status":"passed","title":"注册后通过 get() 取出，has() 为 true","duration":4,"failureMessages":[]},{"ancestorTitles":["","ToolRegistry"],"fullName":" ToolRegistry 未注册的工具 has() 为 false，get() 返回 undefined","status":"passed","title":"未注册的工具 has() 为 false，get() 返回 undefined","duration":2,"failureMessages":[]},{"ancestorTitles":["","ToolRegistry"],"fullName":" ToolRegistry 同名注册覆盖（后注册者生效）","status":"passed","title":"同名注册覆盖（后注册者生效）","duration":1,"failureMessages":[]},{"ancestorTitles":["","ToolRegistry"],"fullName":" ToolRegistry 注册缺少 name 的工具抛出 ToolError","status":"passed","title":"注册缺少 name 的工具抛出 ToolError","duration":2,"failureMessages":[]},{"ancestorTitles":["","ToolRegistry"],"fullName":" ToolRegistry 注册缺少 run 的工具抛出 ToolError","status":"passed","title":"注册缺少 run 的工具抛出 ToolError","duration":1,"failureMessages":[]},{"ancestorTitles":["","ToolRegistry"],"fullName":" ToolRegistry unregisterByName 返回 true（存在）和 false（不存在）","status":"passed","title":"unregisterByName 返回 true（存在）和 false（不存在）","duration":0,"failureMessages":[]},{"ancestorTitles":["","ToolRegistry"],"fullName":" ToolRegistry unregisterByPrefix 按前缀批量注销","status":"passed","title":"unregisterByPrefix 按前缀批量注销","duration":1,"failureMessages":[]},{"ancestorTitles":["","ToolRegistry"],"fullName":" ToolRegistry size 正确反映已注册工具数","status":"passed","title":"size 正确反映已注册工具数","duration":0,"failureMessages":[]},{"ancestorTitles":["","ToolRegistry"],"fullName":" ToolRegistry names() 返回排序后的工具名列表","status":"passed","title":"names() 返回排序后的工具名列表","duration":2,"failureMessages":[]},{"ancestorTitles":["","ToolRegistry"],"fullName":" ToolRegistry toolDefinitions() 返回排序后的 name/description/inputSchema","status":"passed","title":"toolDefinitions() 返回排序后的 name/description/inputSchema","duration":1,"failureMessages":[]},{"ancestorTitles":["","normalizeTool"],"fullName":" normalizeTool 填补默认值","status":"passed","title":"填补默认值","duration":0,"failureMessages":[]},{"ancestorTitles":["","normalizeTool"],"fullName":" normalizeTool 保留自定义覆盖","status":"passed","title":"保留自定义覆盖","duration":1,"failureMessages":[]}],"startTime":1787044051615,"endTime":1787044051632,"status":"passed","message":"","name":"C:/MsSafeData/Desktop/yijiandaodi/desktop-client-2.0/electron/agent/toolRegistry.test.ts"},{"assertionResults":[{"ancestorTitles":["","createAssembler.assemble"],"fullName":" createAssembler.assemble 最小装配：服务注册容器、runner 生成、插件安装、摘要正确","status":"passed","title":"最小装配：服务注册容器、runner 生成、插件安装、摘要正确","duration":11,"failureMessages":[]},{"ancestorTitles":["","createAssembler.assemble"],"fullName":" createAssembler.assemble enabled=false 的项跳过装配","status":"passed","title":"enabled=false 的项跳过装配","duration":1,"failureMessages":[]},{"ancestorTitles":["","createAssembler.assemble"],"fullName":" createAssembler.assemble fail-fast：未知服务工厂 → AssemblyError(phase=service, item=id)","status":"passed","title":"fail-fast：未知服务工厂 → AssemblyError(phase=service, item=id)","duration":1,"failureMessages":[]},{"ancestorTitles":["","createAssembler.assemble"],"fullName":" createAssembler.assemble fail-fast：服务工厂抛异常 → 包装为 AssemblyError","status":"passed","title":"fail-fast：服务工厂抛异常 → 包装为 AssemblyError","duration":1,"failureMessages":[]},{"ancestorTitles":["","createAssembler.assemble"],"fullName":" createAssembler.assemble 缺依赖：工厂 resolve 未注册服务 → AssemblyError","status":"passed","title":"缺依赖：工厂 resolve 未注册服务 → AssemblyError","duration":1,"failureMessages":[]},{"ancestorTitles":["","createAssembler.assemble"],"fullName":" createAssembler.assemble 扩展性（T5）：真实 monitorFactories 注册第 7 种监控 + 配置声明 → runner 自动生成，main.ts 零改动","status":"passed","title":"扩展性（T5）：真实 monitorFactories 注册第 7 种监控 + 配置声明 → runner 自动生成，main.ts 零改动","duration":3,"failureMessages":[]}],"startTime":1787043875141,"endTime":1787043875161,"status":"passed","message":"","name":"C:/MsSafeData/Desktop/yijiandaodi/desktop-client-2.0/electron/assembly/assembler.test.ts"},{"assertionResults":[{"ancestorTitles":["","normalizeAssemblyConfig"],"fullName":" normalizeAssemblyConfig 非法输入（null / 非对象）回退默认清单","status":"passed","title":"非法输入（null / 非对象）回退默认清单","duration":6,"failureMessages":[]},{"ancestorTitles":["","normalizeAssemblyConfig"],"fullName":" normalizeAssemblyConfig 不修改模块级默认配置（返回独立副本）","status":"passed","title":"不修改模块级默认配置（返回独立副本）","duration":3,"failureMessages":[]},{"ancestorTitles":["","normalizeAssemblyConfig"],"fullName":" normalizeAssemblyConfig 完整清单语义：用户配置的 monitors 清单为准，可增补「第 7 种监控」","status":"passed","title":"完整清单语义：用户配置的 monitors 清单为准，可增补「第 7 种监控」","duration":9,"failureMessages":[]},{"ancestorTitles":["","normalizeAssemblyConfig"],"fullName":" normalizeAssemblyConfig 裁剪语义：用户显式提供的清单可缩减服务数量","status":"passed","title":"裁剪语义：用户显式提供的清单可缩减服务数量","duration":7,"failureMessages":[]},{"ancestorTitles":["","normalizeAssemblyConfig"],"fullName":" normalizeAssemblyConfig 过滤非法项：缺 id、id 非 string、enabled 非 boolean、params 非 object、重复 id","status":"passed","title":"过滤非法项：缺 id、id 非 string、enabled 非 boolean、params 非 object、重复 id","duration":5,"failureMessages":[]},{"ancestorTitles":["","normalizeAssemblyConfig"],"fullName":" normalizeAssemblyConfig monitor 声明支持 key 字段作为唯一标识","status":"passed","title":"monitor 声明支持 key 字段作为唯一标识","duration":43,"failureMessages":[]},{"ancestorTitles":["","load / save 持久化"],"fullName":" load / save 持久化 文件不存在时回退默认清单","status":"passed","title":"文件不存在时回退默认清单","duration":5,"failureMessages":[]},{"ancestorTitles":["","load / save 持久化"],"fullName":" load / save 持久化 save → load 往返一致（含自定义第 7 种监控）","status":"passed","title":"save → load 往返一致（含自定义第 7 种监控）","duration":8,"failureMessages":[]},{"ancestorTitles":["","load / save 持久化"],"fullName":" load / save 持久化 损坏的 JSON 文件回退默认且不抛错","status":"passed","title":"损坏的 JSON 文件回退默认且不抛错","duration":9,"failureMessages":[]}],"startTime":1787043983473,"endTime":1787043983571,"status":"passed","message":"","name":"C:/MsSafeData/Desktop/yijiandaodi/desktop-client-2.0/electron/config/assemblyConfig.test.ts"},{"assertionResults":[{"ancestorTitles":["","DIContainer","register"],"fullName":" DIContainer register should register a service","status":"passed","title":"should register a service","duration":3,"failureMessages":[]},{"ancestorTitles":["","DIContainer","register"],"fullName":" DIContainer register should overwrite existing service","status":"passed","title":"should overwrite existing service","duration":1,"failureMessages":[]},{"ancestorTitles":["","DIContainer","resolve"],"fullName":" DIContainer resolve should resolve a registered service","status":"passed","title":"should resolve a registered service","duration":1,"failureMessages":[]},{"ancestorTitles":["","DIContainer","resolve"],"fullName":" DIContainer resolve should throw error for unregistered service","status":"passed","title":"should throw error for unregistered service","duration":1,"failureMessages":[]},{"ancestorTitles":["","DIContainer","has"],"fullName":" DIContainer has should return true for registered service","status":"passed","title":"should return true for registered service","duration":0,"failureMessages":[]},{"ancestorTitles":["","DIContainer","has"],"fullName":" DIContainer has should return false for unregistered service","status":"passed","title":"should return false for unregistered service","duration":0,"failureMessages":[]},{"ancestorTitles":["","DIContainer","clear"],"fullName":" DIContainer clear should clear all services","status":"passed","title":"should clear all services","duration":0,"failureMessages":[]}],"startTime":1787044141438,"endTime":1787044141446,"status":"passed","message":"","name":"C:/MsSafeData/Desktop/yijiandaodi/desktop-client-2.0/electron/di/container.test.ts"},{"assertionResults":[{"ancestorTitles":["","AgentEventBus","订阅 / 退订"],"fullName":" AgentEventBus 订阅 / 退订 订阅后发布事件可被消费","status":"passed","title":"订阅后发布事件可被消费","duration":11,"failureMessages":[]},{"ancestorTitles":["","AgentEventBus","订阅 / 退订"],"fullName":" AgentEventBus 订阅 / 退订 退订后不再收到事件","status":"passed","title":"退订后不再收到事件","duration":8,"failureMessages":[]},{"ancestorTitles":["","AgentEventBus","订阅 / 退订"],"fullName":" AgentEventBus 订阅 / 退订 无订阅者的发布会触发丢弃告警日志","status":"passed","title":"无订阅者的发布会触发丢弃告警日志","duration":30,"failureMessages":[]},{"ancestorTitles":["","AgentEventBus","seq 保序"],"fullName":" AgentEventBus seq 保序 同一 run 内 seq 单调递增","status":"passed","title":"同一 run 内 seq 单调递增","duration":5,"failureMessages":[]},{"ancestorTitles":["","AgentEventBus","seq 保序"],"fullName":" AgentEventBus seq 保序 不同 run 的 seq 相互独立","status":"passed","title":"不同 run 的 seq 相互独立","duration":2,"failureMessages":[]},{"ancestorTitles":["","AgentEventBus","seq 保序"],"fullName":" AgentEventBus seq 保序 孤立事件（未携带 runId）使用全局递增 seq，不污染 seqByRun（防内存泄漏）","status":"passed","title":"孤立事件（未携带 runId）使用全局递增 seq，不污染 seqByRun（防内存泄漏）","duration":444,"failureMessages":[]},{"ancestorTitles":["","AgentEventBus","工具调用载荷（Grok 分发 + Claude 消息块）"],"fullName":" AgentEventBus 工具调用载荷（Grok 分发 + Claude 消息块） tool_use 请求与 tool_result 结果可跨订阅者流转","status":"passed","title":"tool_use 请求与 tool_result 结果可跨订阅者流转","duration":2,"failureMessages":[]},{"ancestorTitles":["","AgentEventBus","分发健壮性"],"fullName":" AgentEventBus 分发健壮性 单个订阅者抛错不阻断其他订阅者","status":"passed","title":"单个订阅者抛错不阻断其他订阅者","duration":5,"failureMessages":[]},{"ancestorTitles":["","AgentEventBus","分发健壮性"],"fullName":" AgentEventBus 分发健壮性 异步订阅者正常完成","status":"passed","title":"异步订阅者正常完成","duration":13,"failureMessages":[]},{"ancestorTitles":["","AgentEventBus","统计与查询"],"fullName":" AgentEventBus 统计与查询 getStats 返回发布与活跃流统计","status":"passed","title":"getStats 返回发布与活跃流统计","duration":6,"failureMessages":[]}],"startTime":1787043943747,"endTime":1787043944276,"status":"passed","message":"","name":"C:/MsSafeData/Desktop/yijiandaodi/desktop-client-2.0/electron/events/agentEventBus.test.ts"},{"assertionResults":[{"ancestorTitles":["","FileEventStore（落盘 / 读取 / 清空）"],"fullName":" FileEventStore（落盘 / 读取 / 清空） append 后 count 递增，readAll 按写入顺序返回事件信封","status":"passed","title":"append 后 count 递增，readAll 按写入顺序返回事件信封","duration":31,"failureMessages":[]},{"ancestorTitles":["","FileEventStore（落盘 / 读取 / 清空）"],"fullName":" FileEventStore（落盘 / 读取 / 清空） clear 后 count 归零，readAll 为空","status":"passed","title":"clear 后 count 归零，readAll 为空","duration":69,"failureMessages":[]},{"ancestorTitles":["","FileEventStore（落盘 / 读取 / 清空）"],"fullName":" FileEventStore（落盘 / 读取 / 清空） 文件不存在时 readAll 返回空、count 为 0（不抛错）","status":"passed","title":"文件不存在时 readAll 返回空、count 为 0（不抛错）","duration":17,"failureMessages":[]},{"ancestorTitles":["","FileEventStore（落盘 / 读取 / 清空）"],"fullName":" FileEventStore（落盘 / 读取 / 清空） 损坏行被跳过，不中断整体重放","status":"passed","title":"损坏行被跳过，不中断整体重放","duration":263,"failureMessages":[]},{"ancestorTitles":["","FileEventStore（落盘 / 读取 / 清空）"],"fullName":" FileEventStore（落盘 / 读取 / 清空） 并发 append 串行化：行完整性不破坏","status":"passed","title":"并发 append 串行化：行完整性不破坏","duration":848,"failureMessages":[]},{"ancestorTitles":["","AgentEventBus × EventStore 集成（落盘 / 重放）"],"fullName":" AgentEventBus × EventStore 集成（落盘 / 重放） publish 事件落盘；新总线同 store replay 后订阅者收到且 seq 保留","status":"passed","title":"publish 事件落盘；新总线同 store replay 后订阅者收到且 seq 保留","duration":195,"failureMessages":[]},{"ancestorTitles":["","AgentEventBus × EventStore 集成（落盘 / 重放）"],"fullName":" AgentEventBus × EventStore 集成（落盘 / 重放） replay 按 stream 过滤：只重放指定流的事件","status":"passed","title":"replay 按 stream 过滤：只重放指定流的事件","duration":163,"failureMessages":[]},{"ancestorTitles":["","AgentEventBus × EventStore 集成（落盘 / 重放）"],"fullName":" AgentEventBus × EventStore 集成（落盘 / 重放） replay 按 runId 过滤：只重放指定 run 的事件","status":"passed","title":"replay 按 runId 过滤：只重放指定 run 的事件","duration":80,"failureMessages":[]},{"ancestorTitles":["","AgentEventBus × EventStore 集成（落盘 / 重放）"],"fullName":" AgentEventBus × EventStore 集成（落盘 / 重放） 未配置 store 时 replay 返回 0（无持久化回归基准）","status":"passed","title":"未配置 store 时 replay 返回 0（无持久化回归基准）","duration":2,"failureMessages":[]},{"ancestorTitles":["","AgentEventBus × EventStore 集成（落盘 / 重放）"],"fullName":" AgentEventBus × EventStore 集成（落盘 / 重放） append 落盘失败不阻断 publish（错误仅记录）","status":"passed","title":"append 落盘失败不阻断 publish（错误仅记录）","duration":21,"failureMessages":[]},{"ancestorTitles":["","AgentEventBus × EventStore 集成（落盘 / 重放）"],"fullName":" AgentEventBus × EventStore 集成（落盘 / 重放） 重放后继续 publish：seq 水位恢复，run 内 seq 连续不跳变","status":"passed","title":"重放后继续 publish：seq 水位恢复，run 内 seq 连续不跳变","duration":13,"failureMessages":[]},{"ancestorTitles":["","生产接线集成（镜像 main.ts 组装：生产配置 + FileEventStore）"],"fullName":" 生产接线集成（镜像 main.ts 组装：生产配置 + FileEventStore） 生产配置组合下：publish 落盘到指定路径，文件为 JSON Lines 且可跨实例重放","status":"passed","title":"生产配置组合下：publish 落盘到指定路径，文件为 JSON Lines 且可跨实例重放","duration":80,"failureMessages":[]}],"startTime":1787043749535,"endTime":1787043751319,"status":"passed","message":"","name":"C:/MsSafeData/Desktop/yijiandaodi/desktop-client-2.0/electron/events/eventStore.test.ts"},{"assertionResults":[{"ancestorTitles":["","GovernanceLogger 级别过滤（WARN）"],"fullName":" GovernanceLogger 级别过滤（WARN） WARN 级别：debug/info 被过滤，warn/error 输出","status":"passed","title":"WARN 级别：debug/info 被过滤，warn/error 输出","duration":37,"failureMessages":[]},{"ancestorTitles":["","GovernanceLogger 级别过滤（WARN）"],"fullName":" GovernanceLogger 级别过滤（WARN） setLevel(WARN) 运行时切换后，后续 debug 埋点被过滤、warn 保留","status":"passed","title":"setLevel(WARN) 运行时切换后，后续 debug 埋点被过滤、warn 保留","duration":28,"failureMessages":[]},{"ancestorTitles":["","A3 埋点 × WARN 级别（FileEventStore / AgentEventBus）"],"fullName":" A3 埋点 × WARN 级别（FileEventStore / AgentEventBus） WARN 下 publish/replay 的 debug 埋点被过滤，但落盘/重放功能不受影响","status":"passed","title":"WARN 下 publish/replay 的 debug 埋点被过滤，但落盘/重放功能不受影响","duration":165,"failureMessages":[]},{"ancestorTitles":["","A3 埋点 × WARN 级别（FileEventStore / AgentEventBus）"],"fullName":" A3 埋点 × WARN 级别（FileEventStore / AgentEventBus） WARN 下告警埋点仍保留：损坏行跳过(warn) 与落盘失败(error)","status":"passed","title":"WARN 下告警埋点仍保留：损坏行跳过(warn) 与落盘失败(error)","duration":97,"failureMessages":[]}],"startTime":1787043914097,"endTime":1787043914426,"status":"passed","message":"","name":"C:/MsSafeData/Desktop/yijiandaodi/desktop-client-2.0/electron/events/governanceLogger.test.ts"},{"assertionResults":[{"ancestorTitles":["","governanceLogger trace 开关"],"fullName":" governanceLogger trace 开关 DEBUG 下 trace 被过滤，info 通过","status":"passed","title":"DEBUG 下 trace 被过滤，info 通过","duration":10,"failureMessages":[]},{"ancestorTitles":["","governanceLogger trace 开关"],"fullName":" governanceLogger trace 开关 setLevel(TRACE) 后 trace 通过，getLevel 返回 TRACE","status":"passed","title":"setLevel(TRACE) 后 trace 通过，getLevel 返回 TRACE","duration":3,"failureMessages":[]},{"ancestorTitles":["","governanceLogger trace 开关"],"fullName":" governanceLogger trace 开关 setLevel(INFO) 后 info 通过、debug 被过滤","status":"passed","title":"setLevel(INFO) 后 info 通过、debug 被过滤","duration":3,"failureMessages":[]},{"ancestorTitles":["","治理日志级别持久化"],"fullName":" 治理日志级别持久化 save 后 load 往返一致","status":"passed","title":"save 后 load 往返一致","duration":46,"failureMessages":[]},{"ancestorTitles":["","治理日志级别持久化"],"fullName":" 治理日志级别持久化 非法级别回退默认 DEBUG","status":"passed","title":"非法级别回退默认 DEBUG","duration":18,"failureMessages":[]},{"ancestorTitles":["","治理日志级别持久化"],"fullName":" 治理日志级别持久化 文件缺失回退默认 DEBUG","status":"passed","title":"文件缺失回退默认 DEBUG","duration":5,"failureMessages":[]}],"startTime":1787044087144,"endTime":1787044087230,"status":"passed","message":"","name":"C:/MsSafeData/Desktop/yijiandaodi/desktop-client-2.0/electron/events/governanceLogSwitch.verify.test.ts"},{"assertionResults":[{"ancestorTitles":["","MonitorEventAdapter"],"fullName":" MonitorEventAdapter file 风险 → file 流事件（severity=critical），保留 onRiskDetected","status":"passed","title":"file 风险 → file 流事件（severity=critical），保留 onRiskDetected","duration":60,"failureMessages":[]},{"ancestorTitles":["","MonitorEventAdapter"],"fullName":" MonitorEventAdapter clipboard 风险（medium）→ clipboard 流 severity=warning","status":"passed","title":"clipboard 风险（medium）→ clipboard 流 severity=warning","duration":28,"failureMessages":[]},{"ancestorTitles":["","MonitorEventAdapter"],"fullName":" MonitorEventAdapter process 检测 → process 流 severity=info，透传 onProcessDetected","status":"passed","title":"process 检测 → process 流 severity=info，透传 onProcessDetected","duration":73,"failureMessages":[]},{"ancestorTitles":["","MonitorEventAdapter"],"fullName":" MonitorEventAdapter process 会话结束 → process 流含关联文件","status":"passed","title":"process 会话结束 → process 流含关联文件","duration":43,"failureMessages":[]},{"ancestorTitles":["","MonitorEventAdapter"],"fullName":" MonitorEventAdapter network 请求 → network 流 severity=info","status":"passed","title":"network 请求 → network 流 severity=info","duration":55,"failureMessages":[]},{"ancestorTitles":["","MonitorEventAdapter"],"fullName":" MonitorEventAdapter api_call 高风险 → api_call 流 severity=critical","status":"passed","title":"api_call 高风险 → api_call 流 severity=critical","duration":43,"failureMessages":[]},{"ancestorTitles":["","MonitorEventAdapter"],"fullName":" MonitorEventAdapter api_call 低风险（非 AI）→ api_call 流 severity=info","status":"passed","title":"api_call 低风险（非 AI）→ api_call 流 severity=info","duration":101,"failureMessages":[]},{"ancestorTitles":["","MonitorEventAdapter"],"fullName":" MonitorEventAdapter memory alert → resource 流 warning；cpu critical → resource 流 critical","status":"passed","title":"memory alert → resource 流 warning；cpu critical → resource 流 critical","duration":31,"failureMessages":[]},{"ancestorTitles":["","MonitorEventAdapter"],"fullName":" MonitorEventAdapter detach 后 EventEmitter 订阅解除，不再收到 resource 事件","status":"passed","title":"detach 后 EventEmitter 订阅解除，不再收到 resource 事件","duration":59,"failureMessages":[]}],"startTime":1787043759855,"endTime":1787043760348,"status":"passed","message":"","name":"C:/MsSafeData/Desktop/yijiandaodi/desktop-client-2.0/electron/events/monitorEventAdapter.test.ts"},{"assertionResults":[{"ancestorTitles":["","高频事件节流与卡顿验证"],"fullName":" 高频事件节流与卡顿验证 高频事件：控制台被节流，事件分发全量不受影响，无明显卡顿","status":"passed","title":"高频事件：控制台被节流，事件分发全量不受影响，无明显卡顿","duration":2264,"failureMessages":[]},{"ancestorTitles":["","高频事件节流与卡顿验证"],"fullName":" 高频事件节流与卡顿验证 生产配置（maxPerInterval=50）下高频事件同样被节流","status":"passed","title":"生产配置（maxPerInterval=50）下高频事件同样被节流","duration":2871,"failureMessages":[]},{"ancestorTitles":["","高频事件节流与卡顿验证"],"fullName":" 高频事件节流与卡顿验证 对照：关闭节流时控制台全量输出（证明节流是差异来源）","status":"passed","title":"对照：关闭节流时控制台全量输出（证明节流是差异来源）","duration":466,"failureMessages":[]}],"startTime":1787043879562,"endTime":1787043885164,"status":"passed","message":"","name":"C:/MsSafeData/Desktop/yijiandaodi/desktop-client-2.0/electron/events/throttleHighFrequency.test.ts"},{"assertionResults":[{"ancestorTitles":["","治理日志级别 IPC 非法输入降级"],"fullName":" 治理日志级别 IPC 非法输入降级 非法级别被拒绝：不切换、不持久化","status":"passed","title":"非法级别被拒绝：不切换、不持久化","duration":11,"failureMessages":[]},{"ancestorTitles":["","治理日志级别 IPC 非法输入降级"],"fullName":" 治理日志级别 IPC 非法输入降级 空 / 非字符串输入被拒绝","status":"passed","title":"空 / 非字符串输入被拒绝","duration":5,"failureMessages":[]},{"ancestorTitles":["","治理日志级别 IPC 非法输入降级"],"fullName":" 治理日志级别 IPC 非法输入降级 大写合法值归一化为小写后生效并持久化","status":"passed","title":"大写合法值归一化为小写后生效并持久化","duration":16,"failureMessages":[]},{"ancestorTitles":["","治理日志级别 IPC 非法输入降级"],"fullName":" 治理日志级别 IPC 非法输入降级 get 恒返回当前合法级别","status":"passed","title":"get 恒返回当前合法级别","duration":30,"failureMessages":[]}],"startTime":1787044047013,"endTime":1787044047076,"status":"passed","message":"","name":"C:/MsSafeData/Desktop/yijiandaodi/desktop-client-2.0/electron/ipc/governanceLogHandlers.verify.test.ts"},{"assertionResults":[{"ancestorTitles":["","API Key 生成与持久化"],"fullName":" API Key 生成与持久化 generateMcpApiKey 返回带 mcp_ 前缀的 64 位十六进制 Key","status":"passed","title":"generateMcpApiKey 返回带 mcp_ 前缀的 64 位十六进制 Key","duration":11,"failureMessages":[]},{"ancestorTitles":["","API Key 生成与持久化"],"fullName":" API Key 生成与持久化 ensureMcpApiKey：缺失时生成并落盘，再次调用返回同一 Key","status":"passed","title":"ensureMcpApiKey：缺失时生成并落盘，再次调用返回同一 Key","duration":21,"failureMessages":[]},{"ancestorTitles":["","API Key 生成与持久化"],"fullName":" API Key 生成与持久化 loadMcpApiKeyConfig：配置缺失 / 损坏时返回未配置","status":"passed","title":"loadMcpApiKeyConfig：配置缺失 / 损坏时返回未配置","duration":14,"failureMessages":[]},{"ancestorTitles":["","API Key 生成与持久化"],"fullName":" API Key 生成与持久化 rotateMcpApiKey：轮换后落盘新 Key，且与旧 Key 不同","status":"passed","title":"rotateMcpApiKey：轮换后落盘新 Key，且与旧 Key 不同","duration":26,"failureMessages":[]},{"ancestorTitles":["","API Key 生成与持久化"],"fullName":" API Key 生成与持久化 saveMcpApiKeyConfig：目录不存在时自动创建并写入","status":"passed","title":"saveMcpApiKeyConfig：目录不存在时自动创建并写入","duration":36,"failureMessages":[]},{"ancestorTitles":["","createMcpAuthenticator（fail-closed）"],"fullName":" createMcpAuthenticator（fail-closed） 空凭证拒绝","status":"passed","title":"空凭证拒绝","duration":3,"failureMessages":[]},{"ancestorTitles":["","createMcpAuthenticator（fail-closed）"],"fullName":" createMcpAuthenticator（fail-closed） API Key 匹配放行（identity=api-key）","status":"passed","title":"API Key 匹配放行（identity=api-key）","duration":4,"failureMessages":[]},{"ancestorTitles":["","createMcpAuthenticator（fail-closed）"],"fullName":" createMcpAuthenticator（fail-closed） API Key 不匹配、无 JWT 校验器 → 拒绝","status":"passed","title":"API Key 不匹配、无 JWT 校验器 → 拒绝","duration":3,"failureMessages":[]},{"ancestorTitles":["","createMcpAuthenticator（fail-closed）"],"fullName":" createMcpAuthenticator（fail-closed） API Key 不匹配但 JWT 校验通过 → 放行（identity=jwt）","status":"passed","title":"API Key 不匹配但 JWT 校验通过 → 放行（identity=jwt）","duration":7,"failureMessages":[]},{"ancestorTitles":["","createMcpAuthenticator（fail-closed）"],"fullName":" createMcpAuthenticator（fail-closed） API Key 与 JWT 都失败 → 拒绝","status":"passed","title":"API Key 与 JWT 都失败 → 拒绝","duration":4,"failureMessages":[]},{"ancestorTitles":["","createMcpAuthenticator（fail-closed）"],"fullName":" createMcpAuthenticator（fail-closed） JWT 校验抛异常 → 按无效处理（不阻断整体鉴权）","status":"passed","title":"JWT 校验抛异常 → 按无效处理（不阻断整体鉴权）","duration":4,"failureMessages":[]},{"ancestorTitles":["","createBackendJwtVerifier"],"fullName":" createBackendJwtVerifier 后端返回 valid=true → 通过","status":"passed","title":"后端返回 valid=true → 通过","duration":18,"failureMessages":[]},{"ancestorTitles":["","createBackendJwtVerifier"],"fullName":" createBackendJwtVerifier 后端非 2xx（如 401）→ 无效","status":"passed","title":"后端非 2xx（如 401）→ 无效","duration":6,"failureMessages":[]},{"ancestorTitles":["","createBackendJwtVerifier"],"fullName":" createBackendJwtVerifier 后端返回 valid=false → 无效","status":"passed","title":"后端返回 valid=false → 无效","duration":6,"failureMessages":[]}],"startTime":1787043950195,"endTime":1787043950360,"status":"passed","message":"","name":"C:/MsSafeData/Desktop/yijiandaodi/desktop-client-2.0/electron/mcp/mcpAuth.test.ts"},{"assertionResults":[{"ancestorTitles":["","McpServerService","HTTP 边界（鉴权 fail-closed）"],"fullName":" McpServerService HTTP 边界（鉴权 fail-closed） 健康检查无需鉴权","status":"passed","title":"健康检查无需鉴权","duration":132,"failureMessages":[]},{"ancestorTitles":["","McpServerService","HTTP 边界（鉴权 fail-closed）"],"fullName":" McpServerService HTTP 边界（鉴权 fail-closed） 未知路径 404","status":"passed","title":"未知路径 404","duration":15,"failureMessages":[]},{"ancestorTitles":["","McpServerService","HTTP 边界（鉴权 fail-closed）"],"fullName":" McpServerService HTTP 边界（鉴权 fail-closed） 非 GET/POST/DELETE 方法 405","status":"passed","title":"非 GET/POST/DELETE 方法 405","duration":43,"failureMessages":[]},{"ancestorTitles":["","McpServerService","HTTP 边界（鉴权 fail-closed）"],"fullName":" McpServerService HTTP 边界（鉴权 fail-closed） POST /mcp 无凭证 → 401","status":"passed","title":"POST /mcp 无凭证 → 401","duration":10,"failureMessages":[]},{"ancestorTitles":["","McpServerService","HTTP 边界（鉴权 fail-closed）"],"fullName":" McpServerService HTTP 边界（鉴权 fail-closed） POST /mcp 凭证无效 → 401","status":"passed","title":"POST /mcp 凭证无效 → 401","duration":9,"failureMessages":[]},{"ancestorTitles":["","McpServerService","MCP 协议（有效凭证）"],"fullName":" McpServerService MCP 协议（有效凭证） initialize 返回服务端信息","status":"passed","title":"initialize 返回服务端信息","duration":107,"failureMessages":[]},{"ancestorTitles":["","McpServerService","MCP 协议（有效凭证）"],"fullName":" McpServerService MCP 协议（有效凭证） tools/list 返回 ToolRegistry 映射的工具清单","status":"passed","title":"tools/list 返回 ToolRegistry 映射的工具清单","duration":71,"failureMessages":[]},{"ancestorTitles":["","McpServerService","MCP 协议（有效凭证）"],"fullName":" McpServerService MCP 协议（有效凭证） tools/call 只读工具 → 结构化结果","status":"passed","title":"tools/call 只读工具 → 结构化结果","duration":60,"failureMessages":[]},{"ancestorTitles":["","McpServerService","MCP 协议（有效凭证）"],"fullName":" McpServerService MCP 协议（有效凭证） tools/call 写工具经权限钩子：钩子放行 → 成功","status":"passed","title":"tools/call 写工具经权限钩子：钩子放行 → 成功","duration":26,"failureMessages":[]},{"ancestorTitles":["","McpServerService","MCP 协议（有效凭证）"],"fullName":" McpServerService MCP 协议（有效凭证） tools/call 权限钩子拒绝 → isError（fail-closed）","status":"passed","title":"tools/call 权限钩子拒绝 → isError（fail-closed）","duration":38,"failureMessages":[]},{"ancestorTitles":["","McpServerService","MCP 协议（有效凭证）"],"fullName":" McpServerService MCP 协议（有效凭证） tools/call 未注册工具 → isError","status":"passed","title":"tools/call 未注册工具 → isError","duration":29,"failureMessages":[]},{"ancestorTitles":["","McpServerService","MCP 协议（有效凭证）"],"fullName":" McpServerService MCP 协议（有效凭证） 不存在的 MCP 方法 → JSON-RPC 错误","status":"passed","title":"不存在的 MCP 方法 → JSON-RPC 错误","duration":37,"failureMessages":[]},{"ancestorTitles":["","McpServerService","生命周期"],"fullName":" McpServerService 生命周期 start/stop 幂等","status":"passed","title":"start/stop 幂等","duration":3,"failureMessages":[]},{"ancestorTitles":["","McpServerService","生命周期"],"fullName":" McpServerService 生命周期 stop 后 URL 为空","status":"passed","title":"stop 后 URL 为空","duration":45,"failureMessages":[]}],"startTime":1787043626242,"endTime":1787043626870,"status":"passed","message":"","name":"C:/MsSafeData/Desktop/yijiandaodi/desktop-client-2.0/electron/mcp/mcpServerService.test.ts"},{"assertionResults":[{"ancestorTitles":["","ClipboardMonitor","构造函数"],"fullName":" ClipboardMonitor 构造函数 应该成功初始化剪贴板监控器","status":"passed","title":"应该成功初始化剪贴板监控器","duration":7,"failureMessages":[]},{"ancestorTitles":["","ClipboardMonitor","start()"],"fullName":" ClipboardMonitor start() 应该成功启动剪贴板监控","status":"passed","title":"应该成功启动剪贴板监控","duration":9,"failureMessages":[]},{"ancestorTitles":["","ClipboardMonitor","start()"],"fullName":" ClipboardMonitor start() 当已在运行时不应重复启动","status":"passed","title":"当已在运行时不应重复启动","duration":4,"failureMessages":[]},{"ancestorTitles":["","ClipboardMonitor","start()"],"fullName":" ClipboardMonitor start() 应该每500ms检查一次剪贴板","status":"passed","title":"应该每500ms检查一次剪贴板","duration":5,"failureMessages":[]},{"ancestorTitles":["","ClipboardMonitor","stop()"],"fullName":" ClipboardMonitor stop() 应该成功停止剪贴板监控","status":"passed","title":"应该成功停止剪贴板监控","duration":4,"failureMessages":[]},{"ancestorTitles":["","ClipboardMonitor","stop()"],"fullName":" ClipboardMonitor stop() 当未运行时应该安全处理","status":"passed","title":"当未运行时应该安全处理","duration":5,"failureMessages":[]},{"ancestorTitles":["","ClipboardMonitor","stop()"],"fullName":" ClipboardMonitor stop() 停止后应清除定时器引用","status":"passed","title":"停止后应清除定时器引用","duration":3,"failureMessages":[]},{"ancestorTitles":["","ClipboardMonitor","剪贴板内容检测"],"fullName":" ClipboardMonitor 剪贴板内容检测 应该在检测到新内容时触发检测","status":"passed","title":"应该在检测到新内容时触发检测","duration":12,"failureMessages":[]},{"ancestorTitles":["","ClipboardMonitor","剪贴板内容检测"],"fullName":" ClipboardMonitor 剪贴板内容检测 应该只在内容变化时触发检测","status":"passed","title":"应该只在内容变化时触发检测","duration":13,"failureMessages":[]},{"ancestorTitles":["","ClipboardMonitor","剪贴板内容检测"],"fullName":" ClipboardMonitor 剪贴板内容检测 应该忽略空剪贴板内容","status":"passed","title":"应该忽略空剪贴板内容","duration":3,"failureMessages":[]},{"ancestorTitles":["","ClipboardMonitor","风险检测"],"fullName":" ClipboardMonitor 风险检测 应该在检测到风险时触发回调","status":"passed","title":"应该在检测到风险时触发回调","duration":13,"failureMessages":[]},{"ancestorTitles":["","ClipboardMonitor","风险检测"],"fullName":" ClipboardMonitor 风险检测 应该在检测到风险时保存记录","status":"passed","title":"应该在检测到风险时保存记录","duration":6,"failureMessages":[]},{"ancestorTitles":["","ClipboardMonitor","风险检测"],"fullName":" ClipboardMonitor 风险检测 应该在检测到风险时更新桌宠状态","status":"passed","title":"应该在检测到风险时更新桌宠状态","duration":12,"failureMessages":[]},{"ancestorTitles":["","ClipboardMonitor","风险检测"],"fullName":" ClipboardMonitor 风险检测 应该正确处理安全内容","status":"passed","title":"应该正确处理安全内容","duration":5,"failureMessages":[]},{"ancestorTitles":["","ClipboardMonitor","风险等级处理"],"fullName":" ClipboardMonitor 风险等级处理 应该正确处理高风险内容","status":"passed","title":"应该正确处理高风险内容","duration":11,"failureMessages":[]},{"ancestorTitles":["","ClipboardMonitor","风险等级处理"],
[...]
断发生时产生 R5 警告日志（不抛错）","status":"passed","title":"stats() 自动校验：熔断发生时产生 R5 警告日志（不抛错）","duration":2,"failureMessages":[]}],"startTime":1787043681687,"endTime":1787043681897,"status":"passed","message":"","name":"C:/MsSafeData/Desktop/yijiandaodi/desktop-client-2.0/electron/agent/hooks/runtime.test.ts"},{"assertionResults":[{"ancestorTitles":["","checkHookHostStats — 5 条自洽性规则"],"fullName":" checkHookHostStats — 5 条自洽性规则 通过：正常快照无错误、无警告","status":"passed","title":"通过：正常快照无错误、无警告","duration":4,"failureMessages":[]},{"ancestorTitles":["","checkHookHostStats — 5 条自洽性规则"],"fullName":" checkHookHostStats — 5 条自洽性规则 R1：Σ emitByPoint !== emitTotal 时报告 R1 错误","status":"passed","title":"R1：Σ emitByPoint !== emitTotal 时报告 R1 错误","duration":1,"failureMessages":[]},{"ancestorTitles":["","checkHookHostStats — 5 条自洽性规则"],"fullName":" checkHookHostStats — 5 条自洽性规则 R2：hookExecTotal 超过注册上界（emitTotal × maxHooksPerPoint）时报告 R2 错误","status":"passed","title":"R2：hookExecTotal 超过注册上界（emitTotal × maxHooksPerPoint）时报告 R2 错误","duration":1,"failureMessages":[]},{"ancestorTitles":["","checkHookHostStats — 5 条自洽性规则"],"fullName":" checkHookHostStats — 5 条自洽性规则 R2：hookExecTotal 为负时报告 R2 错误","status":"passed","title":"R2：hookExecTotal 为负时报告 R2 错误","duration":1,"failureMessages":[]},{"ancestorTitles":["","checkHookHostStats — 5 条自洽性规则"],"fullName":" checkHookHostStats — 5 条自洽性规则 R2：未提供 maxHooksPerPoint 时不做上界校验（仍通过）","status":"passed","title":"R2：未提供 maxHooksPerPoint 时不做上界校验（仍通过）","duration":1,"failureMessages":[]},{"ancestorTitles":["","checkHookHostStats — 5 条自洽性规则"],"fullName":" checkHookHostStats — 5 条自洽性规则 R3：avg 与 hookExecMs/hookExecTotal 不一致时报告 R3 错误","status":"passed","title":"R3：avg 与 hookExecMs/hookExecTotal 不一致时报告 R3 错误","duration":1,"failureMessages":[]},{"ancestorTitles":["","checkHookHostStats — 5 条自洽性规则"],"fullName":" checkHookHostStats — 5 条自洽性规则 R3：hookExecTotal=0 时 avg 必须为 0，否则报告 R3 错误","status":"passed","title":"R3：hookExecTotal=0 时 avg 必须为 0，否则报告 R3 错误","duration":0,"failureMessages":[]},{"ancestorTitles":["","checkHookHostStats — 5 条自洽性规则"],"fullName":" checkHookHostStats — 5 条自洽性规则 R4：hookExecMaxMs < hookExecAvgMs 时报告 R4 错误","status":"passed","title":"R4：hookExecMaxMs < hookExecAvgMs 时报告 R4 错误","duration":1,"failureMessages":[]},{"ancestorTitles":["","checkHookHostStats — 5 条自洽性规则"],"fullName":" checkHookHostStats — 5 条自洽性规则 R5：timeout/tripped > 0 默认仅警告、不报错","status":"passed","title":"R5：timeout/tripped > 0 默认仅警告、不报错","duration":0,"failureMessages":[]},{"ancestorTitles":["","checkHookHostStats — 5 条自洽性规则"],"fullName":" checkHookHostStats — 5 条自洽性规则 R5：strict 模式下 timeout/tripped > 0 报告 R5 错误","status":"passed","title":"R5：strict 模式下 timeout/tripped > 0 报告 R5 错误","duration":1,"failureMessages":[]},{"ancestorTitles":["","assertHookHostStats"],"fullName":" assertHookHostStats 通过快照不抛错","status":"passed","title":"通过快照不抛错","duration":2,"failureMessages":[]},{"ancestorTitles":["","assertHookHostStats"],"fullName":" assertHookHostStats 违规快照抛错并带规则号","status":"passed","title":"违规快照抛错并带规则号","duration":1,"failureMessages":[]},{"ancestorTitles":["","assertHookHostStats"],"fullName":" assertHookHostStats strict 模式下 R5 违规抛错","status":"passed","title":"strict 模式下 R5 违规抛错","duration":1,"failureMessages":[]}],"startTime":1787044055414,"endTime":1787044055430,"status":"passed","message":"","name":"C:/MsSafeData/Desktop/yijiandaodi/desktop-client-2.0/electron/agent/hooks/statsCheck.test.ts"},{"assertionResults":[{"ancestorTitles":["","companion 确定性 roll"],"fullName":" companion 确定性 roll 同 seed + 同 profile 两次 roll 结果完全一致","status":"passed","title":"同 seed + 同 profile 两次 roll 结果完全一致","duration":17,"failureMessages":[]},{"ancestorTitles":["","companion 确定性 roll"],"fullName":" companion 确定性 roll 输出枚举合法且属性收敛到 0-100","status":"passed","title":"输出枚举合法且属性收敛到 0-100","duration":322,"failureMessages":[]},{"ancestorTitles":["","companion 确定性 roll"],"fullName":" companion 确定性 roll 稀有度下限生效：属性不低于 RARITY_FLOOR[rarity]","status":"passed","title":"稀有度下限生效：属性不低于 RARITY_FLOOR[rarity]","duration":91,"failureMessages":[]},{"ancestorTitles":["","companion 确定性 roll"],"fullName":" companion 确定性 roll 不同 seed 可产出不同角色（样本内存在多种稀有度/物种）","status":"passed","title":"不同 seed 可产出不同角色（样本内存在多种稀有度/物种）","duration":2,"failureMessages":[]},{"ancestorTitles":["","companion computeStats（属性绑定真实治理数据）"],"fullName":" companion computeStats（属性绑定真实治理数据） 治理表现越好属性越高","status":"passed","title":"治理表现越好属性越高","duration":1,"failureMessages":[]},{"ancestorTitles":["","companion computeStats（属性绑定真实治理数据）"],"fullName":" companion computeStats（属性绑定真实治理数据） CHAOS 反向：失败/告警/拒绝越少越高","status":"passed","title":"CHAOS 反向：失败/告警/拒绝越少越高","duration":1,"failureMessages":[]},{"ancestorTitles":["","companion computeStats（属性绑定真实治理数据）"],"fullName":" companion computeStats（属性绑定真实治理数据） 空画像不抛错且属性合法","status":"passed","title":"空画像不抛错且属性合法","duration":0,"failureMessages":[]},{"ancestorTitles":["","companion 组合逻辑"],"fullName":" companion 组合逻辑 emptyProfile 返回全 0 默认画像","status":"passed","title":"emptyProfile 返回全 0 默认画像","duration":1,"failureMessages":[]},{"ancestorTitles":["","companion 组合逻辑"],"fullName":" companion 组合逻辑 getCompanion 返回画像快照（后续修改原画像不影响快照）","status":"passed","title":"getCompanion 返回画像快照（后续修改原画像不影响快照）","duration":1,"failureMessages":[]}],"startTime":1787044005715,"endTime":1787044006151,"status":"passed","message":"","name":"C:/MsSafeData/Desktop/yijiandaodi/desktop-client-2.0/electron/agent/pet/companion.test.ts"},{"assertionResults":[{"ancestorTitles":["","riskSummaryPlugin 集成"],"fullName":" riskSummaryPlugin 集成 安装后插件进入注册表并注入 risk.summary 工具","status":"passed","title":"安装后插件进入注册表并注入 risk.summary 工具","duration":6,"failureMessages":[]},{"ancestorTitles":["","riskSummaryPlugin 集成"],"fullName":" riskSummaryPlugin 集成 订阅感知流：安装后 file/network 等流有订阅者","status":"passed","title":"订阅感知流：安装后 file/network 等流有订阅者","duration":1,"failureMessages":[]},{"ancestorTitles":["","riskSummaryPlugin 集成"],"fullName":" riskSummaryPlugin 集成 risk.summary 初始返回空统计（未发生风险）","status":"passed","title":"risk.summary 初始返回空统计（未发生风险）","duration":4,"failureMessages":[]},{"ancestorTitles":["","riskSummaryPlugin 集成"],"fullName":" riskSummaryPlugin 集成 warning/critical 风险事件被登记，info 不登记","status":"passed","title":"warning/critical 风险事件被登记，info 不登记","duration":3,"failureMessages":[]},{"ancestorTitles":["","riskSummaryPlugin 集成"],"fullName":" riskSummaryPlugin 集成 severity/source 过滤生效","status":"passed","title":"severity/source 过滤生效","duration":1,"failureMessages":[]},{"ancestorTitles":["","riskSummaryPlugin 集成"],"fullName":" riskSummaryPlugin 集成 单飞去重：同一 runId 同 stream 的风险只登记一次（事件风暴去重）","status":"passed","title":"单飞去重：同一 runId 同 stream 的风险只登记一次（事件风暴去重）","duration":1,"failureMessages":[]},{"ancestorTitles":["","riskSummaryPlugin 集成"],"fullName":" riskSummaryPlugin 集成 uninstall 解除订阅 + 清空缓存","status":"passed","title":"uninstall 解除订阅 + 清空缓存","duration":23,"failureMessages":[]},{"ancestorTitles":["","riskSummaryPlugin × onRiskAssessed 钩子（P1 治理决策视图）"],"fullName":" riskSummaryPlugin × onRiskAssessed 钩子（P1 治理决策视图） 安装后 onRiskAssessed 钩子已挂载到 HooksHost（emit 生效）","status":"passed","title":"安装后 onRiskAssessed 钩子已挂载到 HooksHost（emit 生效）","duration":54,"failureMessages":[]},{"ancestorTitles":["","riskSummaryPlugin × onRiskAssessed 钩子（P1 治理决策视图）"],"fullName":" riskSummaryPlugin × onRiskAssessed 钩子（P1 治理决策视图） info 定级不登记治理视图（与感知流路径过滤一致）","status":"passed","title":"info 定级不登记治理视图（与感知流路径过滤一致）","duration":28,"failureMessages":[]},{"ancestorTitles":["","riskSummaryPlugin × onRiskAssessed 钩子（P1 治理决策视图）"],"fullName":" riskSummaryPlugin × onRiskAssessed 钩子（P1 治理决策视图） 双视图并存：感知流登记 + 治理决策登记互不覆盖","status":"passed","title":"双视图并存：感知流登记 + 治理决策登记互不覆盖","duration":36,"failureMessages":[]},{"ancestorTitles":["","riskSummaryPlugin × onRiskAssessed 钩子（P1 治理决策视图）"],"fullName":" riskSummaryPlugin × onRiskAssessed 钩子（P1 治理决策视图） uninstall 后钩子注销：emit 不再登记治理视图","status":"passed","title":"uninstall 后钩子注销：emit 不再登记治理视图","duration":27,"failureMessages":[]},{"ancestorTitles":["","融合闭环：GovernanceEngine → onRiskAssessed → risk-summary（端到端）"],"fullName":" 融合闭环：GovernanceEngine → onRiskAssessed → risk-summary（端到端） 引擎处理 critical 事件后，risk.summary 返回治理决策视图","status":"passed","title":"引擎处理 critical 事件后，risk.summary 返回治理决策视图","duration":62,"failureMessages":[]}],"startTime":1787043649848,"endTime":1787043650098,"status":"passed","message":"","name":"C:/MsSafeData/Desktop/yijiandaodi/desktop-client-2.0/electron/agent/plugins/riskSummaryPlugin.test.ts"},{"assertionResults":[{"ancestorTitles":["","file 内置工具","file.read"],"fullName":" file 内置工具 file.read 只读 + 并发安全标记正确","status":"passed","title":"只读 + 并发安全标记正确","duration":3,"failureMessages":[]},{"ancestorTitles":["","file 内置工具","file.read"],"fullName":" file 内置工具 file.read 读取小文件：返回内容 + 流式 SHA-256 + 元数据","status":"passed","title":"读取小文件：返回内容 + 流式 SHA-256 + 元数据","duration":17,"failureMessages":[]},{"ancestorTitles":["","file 内置工具","file.read"],"fullName":" file 内置工具 file.read 大文件有界读取：truncated=true，只含前缀","status":"passed","title":"大文件有界读取：truncated=true，只含前缀","duration":8,"failureMessages":[]},{"ancestorTitles":["","file 内置工具","file.read"],"fullName":" file 内置工具 file.read 不存在的文件抛 ToolError(execution_error)","status":"passed","title":"不存在的文件抛 ToolError(execution_error)","duration":4,"failureMessages":[]},{"ancestorTitles":["","file 内置工具","file.read"],"fullName":" file 内置工具 file.read 目录路径抛 ToolError(execution_error)","status":"passed","title":"目录路径抛 ToolError(execution_error)","duration":1,"failureMessages":[]},{"ancestorTitles":["","file 内置工具","file.write"],"fullName":" file 内置工具 file.write 非只读 + 非并发安全 + 破坏性标记正确","status":"passed","title":"非只读 + 非并发安全 + 破坏性标记正确","duration":1,"failureMessages":[]},{"ancestorTitles":["","file 内置工具","file.write"],"fullName":" file 内置工具 file.write 写入文件：返回字节数与落盘后的流式哈希","status":"passed","title":"写入文件：返回字节数与落盘后的流式哈希","duration":12,"failureMessages":[]},{"ancestorTitles":["","file 内置工具","file.write"],"fullName":" file 内置工具 file.write append 模式追加内容","status":"passed","title":"append 模式追加内容","duration":10,"failureMessages":[]},{"ancestorTitles":["","file 内置工具","file.write"],"fullName":" file 内置工具 file.write createDirs=true 时自动创建父目录","status":"passed","title":"createDirs=true 时自动创建父目录","duration":75,"failureMessages":[]},{"ancestorTitles":["","file 内置工具","file.write"],"fullName":" file 内置工具 file.write 父目录不存在且未开 createDirs 时抛 ToolError(execution_error)","status":"passed","title":"父目录不存在且未开 createDirs 时抛 ToolError(execution_error)","duration":2,"failureMessages":[]},{"ancestorTitles":["","file 内置工具","file.write"],"fullName":" file 内置工具 file.write 经 ToolBridge 执行：canUseTool 拒绝时 permission_denied，允许时成功写入","status":"passed","title":"经 ToolBridge 执行：canUseTool 拒绝时 permission_denied，允许时成功写入","duration":9,"failureMessages":[]},{"ancestorTitles":["","file 内置工具","file.search"],"fullName":" file 内置工具 file.search 只读 + 并发安全标记正确","status":"passed","title":"只读 + 并发安全标记正确","duration":0,"failureMessages":[]},{"ancestorTitles":["","file 内置工具","file.search"],"fullName":" file 内置工具 file.search 按文件名 glob 命中（**/*.ts），排除默认目录","status":"passed","title":"按文件名 glob 命中（**/*.ts），排除默认目录","duration":9,"failureMessages":[]},{"ancestorTitles":["","file 内置工具","file.search"],"fullName":" file 内置工具 file.search 按内容关键词命中并带回行号","status":"passed","title":"按内容关键词命中并带回行号","duration":74,"failureMessages":[]},{"ancestorTitles":["","file 内置工具","file.search"],"fullName":" file 内置工具 file.search 按文件名精确匹配","status":"passed","title":"按文件名精确匹配","duration":166,"failureMessages":[]},{"ancestorTitles":["","file 内置工具","file.search"],"fullName":" file 内置工具 file.search maxResults 截断","status":"passed","title":"maxResults 截断","duration":175,"failureMessages":[]},{"ancestorTitles":["","file 内置工具","file.search"],"fullName":" file 内置工具 file.search 额外 exclude 生效","status":"passed","title":"额外 exclude 生效","duration":42,"failureMessages":[]},{"ancestorTitles":["","file 内置工具","file.search"],"fullName":" file 内置工具 file.search 根目录不存在抛 ToolError(execution_error)","status":"passed","title":"根目录不存在抛 ToolError(execution_error)","duration":2,"failureMessages":[]},{"ancestorTitles":["","file 内置工具","createFileTools 集合"],"fullName":" file 内置工具 createFileTools 集合 返回三个 file 系列工具，名字唯一","status":"passed","title":"返回三个 file 系列工具，名字唯一","duration":3,"failureMessages":[]}],"startTime":1787043845593,"endTime":1787043846208,"status":"passed","message":"","name":"C:/MsSafeData/Desktop/yijiandaodi/desktop-client-2.0/electron/agent/tools/file.test.ts"},{"assertionResults":[{"ancestorTitles":["","gov 系列内置工具","工具标记（写类 vs 只读）"],"fullName":" gov 系列内置工具 工具标记（写类 vs 只读） evidence.commit / risk.mark：非只读、非并发安全","status":"passed","title":"evidence.commit / risk.mark：非只读、非并发安全","duration":3,"failureMessages":[]},{"ancestorTitles":["","gov 系列内置工具","工具标记（写类 vs 只读）"],"fullName":" gov 系列内置工具 工具标记（写类 vs 只读） report.generate：只读 + 并发安全","status":"passed","title":"report.generate：只读 + 并发安全","duration":1,"failureMessages":[]},{"ancestorTitles":["","gov 系列内置工具","工具标记（写类 vs 只读）"],"fullName":" gov 系列内置工具 工具标记（写类 vs 只读） backend.call：非只读（未知语义保守）、并发安全、破坏性","status":"passed","title":"backend.call：非只读（未知语义保守）、并发安全、破坏性","duration":1,"failureMessages":[]},{"ancestorTitles":["","gov 系列内置工具","evidence.commit"],"fullName":" gov 系列内置工具 evidence.commit POST /api/v1/memory/long-term/ 写入链式哈希存证（与存证中心同源），返回存证 ID","status":"passed","title":"POST /api/v1/memory/long-term/ 写入链式哈希存证（与存证中心同源），返回存证 ID","duration":20,"failureMessages":[]},{"ancestorTitles":["","gov 系列内置工具","evidence.commit"],"fullName":" gov 系列内置工具 evidence.commit 后端失败时降级本地 sink（不静默失败）","status":"passed","title":"后端失败时降级本地 sink（不静默失败）","duration":21,"failureMessages":[]},{"ancestorTitles":["","gov 系列内置工具","evidence.commit"],"fullName":" gov 系列内置工具 evidence.commit 后端失败且未配置本地降级时抛 ToolError(execution_error)","status":"passed","title":"后端失败且未配置本地降级时抛 ToolError(execution_error)","duration":104,"failureMessages":[]},{"ancestorTitles":["","gov 系列内置工具","report.generate"],"fullName":" gov 系列内置工具 report.generate GET /api/v1/memory/long-term/?limit=N 聚合存证生成 markdown 报告","status":"passed","title":"GET /api/v1/memory/long-term/?limit=N 聚合存证生成 markdown 报告","duration":9,"failureMessages":[]},{"ancestorTitles":["","gov 系列内置工具","report.generate"],"fullName":" gov 系列内置工具 report.generate since 时间过滤生效","status":"passed","title":"since 时间过滤生效","duration":5,"failureMessages":[]},{"ancestorTitles":["","gov 系列内置工具","report.generate"],"fullName":" gov 系列内置工具 report.generate 后端返回非数组时输出空报告不抛错","status":"passed","title":"后端返回非数组时输出空报告不抛错","duration":2,"failureMessages":[]},{"ancestorTitles":["","gov 系列内置工具","backend.call"],"fullName":" gov 系列内置工具 backend.call list=true 时 GET 后端工具列表","status":"passed","title":"list=true 时 GET 后端工具列表","duration":3,"failureMessages":[]},{"ancestorTitles":["","gov 系列内置工具","backend.call"],"fullName":" gov 系列内置工具 backend.call 执行后端工具：POST { tool, params } 透传","status":"passed","title":"执行后端工具：POST { tool, params } 透传","duration":2,"failureMessages":[]},{"ancestorTitles":["","gov 系列内置工具","backend.call"],"fullName":" gov 系列内置工具 backend.call 后端 500 时按重试配置重试后抛 ToolError(execution_error)","status":"passed","title":"后端 500 时按重试配置重试后抛 ToolError(execution_error)","duration":47,"failureMessages":[]},{"ancestorTitles":["","gov 系列内置工具","risk.mark"],"fullName":" gov 系列内置工具 risk.mark 标记风险：写入本地 registry，返回标记记录","status":"passed","title":"标记风险：写入本地 registry，返回标记记录","duration":18,"failureMessages":[]},{"ancestorTitles":["","gov 系列内置工具","risk.mark"],"fullName":" gov 系列内置工具 risk.mark 同路径重复标记更新等级不重复追加","status":"passed","title":"同路径重复标记更新等级不重复追加","duration":78,"failureMessages":[]},{"ancestorTitles":["","gov 系列内置工具","risk.mark"],"fullName":" gov 系列内置工具 risk.mark 非法风险等级抛 ToolError(invalid_params)","status":"passed","title":"非法风险等级抛 ToolError(invalid_params)","duration":0,"failureMessages":[]},{"ancestorTitles":["","gov 系列内置工具","risk.mark"],"fullName":" gov 系列内置工具 risk.mark 未配置文件路径时抛 ToolError(execution_error)","status":"passed","title":"未配置文件路径时抛 ToolError(execution_error)","duration":1,"failureMessages":[]}],"startTime":1787043712597,"endTime":1787043712927,"status":"passed","message":"","name":"C:/MsSafeData/Desktop/yijiandaodi/desktop-client-2.0/electron/agent/tools/gov.test.ts"},{"assertionResults":[{"ancestorTitles":["","verify 内置工具"],"fullName":" verify 内置工具 返回 verify.run / verify.flow / verify.check 三个工具，均只读并发安全","status":"passed","title":"返回 verify.run / verify.flow / verify.check 三个工具，均只读并发安全","duration":25,"failureMessages":[]},{"ancestorTitles":["","verify 内置工具","verify.run"],"fullName":" verify 内置工具 verify.run POST 到 /api/agent/verification/，携带 JWT 与正确 body，返回后端 data","status":"passed","title":"POST 到 /api/agent/verification/，携带 JWT 与正确 body，返回后端 data","duration":29,"failureMessages":[]},{"ancestorTitles":["","verify 内置工具","verify.run"],"fullName":" verify 内置工具 verify.run 未配置 token 时不携带 Authorization 头","status":"passed","title":"未配置 token 时不携带 Authorization 头","duration":2,"failureMessages":[]},{"ancestorTitles":["","verify 内置工具","verify.run"],"fullName":" verify 内置工具 verify.run 后端持续 500 时按重试配置重试后抛出 ToolError(execution_error)","status":"passed","title":"后端持续 500 时按重试配置重试后抛出 ToolError(execution_error)","duration":64,"failureMessages":[]},{"ancestorTitles":["","verify 内置工具","verify.flow"],"fullName":" verify 内置工具 verify.flow POST 到 /api/auth/agent/flow/，body 含 action=verify / agent_type=auditor / session_id","status":"passed","title":"POST 到 /api/auth/agent/flow/，body 含 action=verify / agent_type=auditor / session_id","duration":70,"failureMessages":[]},{"ancestorTitles":["","verify 内置工具","verify.flow"],"fullName":" verify 内置工具 verify.flow 流式执行：四官全流程按阶段发布 6 条 tool_progress，终态 tool_result","status":"passed","title":"流式执行：四官全流程按阶段发布 6 条 tool_progress，终态 tool_result","duration":7,"failureMessages":[]},{"ancestorTitles":["","verify 内置工具","verify.flow"],"fullName":" verify 内置工具 verify.flow 流式执行：后端持续 500 时按重试配置重试后抛 ToolError(execution_error)","status":"passed","title":"流式执行：后端持续 500 时按重试配置重试后抛 ToolError(execution_error)","duration":17,"failureMessages":[]},{"ancestorTitles":["","verify 内置工具","verify.flow"],"fullName":" verify 内置工具 verify.flow 流式执行：每阶段记耗时 info，终态记 backendMs/totalMs（性能埋点）","status":"passed","title":"流式执行：每阶段记耗时 info，终态记 backendMs/totalMs（性能埋点）","duration":14,"failureMessages":[]},{"ancestorTitles":["","verify 内置工具","verify.check"],"fullName":" verify 内置工具 verify.check GET 查询历史校验记录，把 timeline 汇总进 content","status":"passed","title":"GET 查询历史校验记录，把 timeline 汇总进 content","duration":38,"failureMessages":[]},{"ancestorTitles":["","verify 内置工具","setVerifyBackendConfig"],"fullName":" verify 内置工具 setVerifyBackendConfig baseUrl 去除末尾斜杠","status":"passed","title":"baseUrl 去除末尾斜杠","duration":3,"failureMessages":[]}],"startTime":1787043750168,"endTime":1787043750439,"status":"passed","message":"","name":"C:/MsSafeData/Desktop/yijiandaodi/desktop-client-2.0/electron/agent/tools/verify.test.ts"},{"assertionResults":[{"ancestorTitles":["","CircuitBreaker 故障场景测试","场景1: 正常请求（熔断器关闭）"],"fullName":" CircuitBreaker 故障场景测试 场景1: 正常请求（熔断器关闭） 应该成功处理正常请求","status":"passed","title":"应该成功处理正常请求","duration":19,"failureMessages":[]},{"ancestorTitles":["","CircuitBreaker 故障场景测试","场景2: 失败率达到阈值（熔断器打开）"],"fullName":" CircuitBreaker 故障场景测试 场景2: 失败率达到阈值（熔断器打开） 应该在失败率达到50%时触发熔断","status":"passed","title":"应该在失败率达到50%时触发熔断","duration":14,"failureMessages":[]},{"ancestorTitles":["","CircuitBreaker 故障场景测试","场景3: 降级函数执行"],"fullName":" CircuitBreaker 故障场景测试 场景3: 降级函数执行 应该在熔断器打开时执行降级函数","status":"passed","title":"应该在熔断器打开时执行降级函数","duration":11,"failureMessages":[]},{"ancestorTitles":["","CircuitBreaker 故障场景测试","场景4: 完整故障流程"],"fullName":" CircuitBreaker 故障场景测试 场景4: 完整故障流程 应该完整验证故障检测、熔断、降级、恢复流程","status":"passed","title":"应该完整验证故障检测、熔断、降级、恢复流程","duration":82,"failureMessages":[]},{"ancestorTitles":["","CircuitBreaker 故障场景测试","场景5: 日志记录验证"],"fullName":" CircuitBreaker 故障场景测试 场景5: 日志记录验证 应该记录完整的日志链路","status":"passed","title":"应该记录完整的日志链路","duration":16,"failureMessages":[]}],"startTime":1787043658237,"endTime":1787043658381,"status":"passed","message":"","name":"C:/MsSafeData/Desktop/yijiandaodi/desktop-client-2.0/src/services/http/tests/CircuitBreaker.failure.test.ts"}]}